{"/Users/antoinehurard/Desktop/emrs/emrs-safe-backend/src/const/channels.ts": {"path":"/Users/antoinehurard/Desktop/emrs/emrs-safe-backend/src/const/channels.ts","statementMap":{"0":{"start":{"line":3,"column":17},"end":{"line":5,"column":2}},"1":{"start":{"line":7,"column":0},"end":{"line":7,"column":24}}},"fnMap":{},"branchMap":{},"s":{"0":1,"1":1},"f":{},"b":{}}
,"/Users/antoinehurard/Desktop/emrs/emrs-safe-backend/src/const/defaultRecordFields.ts": {"path":"/Users/antoinehurard/Desktop/emrs/emrs-safe-backend/src/const/defaultRecordFields.ts","statementMap":{"0":{"start":{"line":1,"column":0},"end":{"line":1,"column":84}},"1":{"start":{"line":2,"column":0},"end":{"line":2,"column":51}},"2":{"start":{"line":3,"column":0},"end":{"line":3,"column":44}},"3":{"start":{"line":4,"column":0},"end":{"line":4,"column":43}},"4":{"start":{"line":6,"column":19},"end":{"line":17,"column":1}},"5":{"start":{"line":7,"column":4},"end":{"line":16,"column":null}},"6":{"start":{"line":10,"column":12},"end":{"line":14,"column":19}},"7":{"start":{"line":19,"column":13},"end":{"line":26,"column":null}},"8":{"start":{"line":21,"column":19},"end":{"line":25,"column":6}},"9":{"start":{"line":33,"column":13},"end":{"line":41,"column":2}},"10":{"start":{"line":34,"column":31},"end":{"line":34,"column":40}},"11":{"start":{"line":35,"column":38},"end":{"line":35,"column":53}},"12":{"start":{"line":36,"column":39},"end":{"line":36,"column":54}},"13":{"start":{"line":37,"column":44},"end":{"line":37,"column":73}},"14":{"start":{"line":38,"column":48},"end":{"line":38,"column":77}},"15":{"start":{"line":39,"column":38},"end":{"line":39,"column":52}},"16":{"start":{"line":40,"column":38},"end":{"line":40,"column":52}},"17":{"start":{"line":43,"column":13},"end":{"line":43,"column":87}},"18":{"start":{"line":43,"column":78},"end":{"line":43,"column":85}},"19":{"start":{"line":45,"column":13},"end":{"line":54,"column":2}},"20":{"start":{"line":56,"column":13},"end":{"line":56,"column":83}},"21":{"start":{"line":56,"column":74},"end":{"line":56,"column":81}}},"fnMap":{"0":{"name":"(anonymous_1)","decl":{"start":{"line":6,"column":19},"end":{"line":6,"column":20}},"loc":{"start":{"line":6,"column":50},"end":{"line":17,"column":1}}},"1":{"name":"(anonymous_2)","decl":{"start":{"line":9,"column":8},"end":{"line":9,"column":15}},"loc":{"start":{"line":9,"column":22},"end":{"line":15,"column":9}}},"2":{"name":"(anonymous_3)","decl":{"start":{"line":21,"column":12},"end":{"line":21,"column":15}},"loc":{"start":{"line":21,"column":19},"end":{"line":25,"column":6}}},"3":{"name":"(anonymous_4)","decl":{"start":{"line":34,"column":25},"end":{"line":34,"column":28}},"loc":{"start":{"line":34,"column":31},"end":{"line":34,"column":40}}},"4":{"name":"(anonymous_5)","decl":{"start":{"line":35,"column":32},"end":{"line":35,"column":35}},"loc":{"start":{"line":35,"column":38},"end":{"line":35,"column":53}}},"5":{"name":"(anonymous_6)","decl":{"start":{"line":36,"column":33},"end":{"line":36,"column":36}},"loc":{"start":{"line":36,"column":39},"end":{"line":36,"column":54}}},"6":{"name":"(anonymous_7)","decl":{"start":{"line":37,"column":32},"end":{"line":37,"column":33}},"loc":{"start":{"line":37,"column":44},"end":{"line":37,"column":73}}},"7":{"name":"(anonymous_8)","decl":{"start":{"line":38,"column":36},"end":{"line":38,"column":37}},"loc":{"start":{"line":38,"column":48},"end":{"line":38,"column":77}}},"8":{"name":"(anonymous_9)","decl":{"start":{"line":39,"column":32},"end":{"line":39,"column":35}},"loc":{"start":{"line":39,"column":38},"end":{"line":39,"column":52}}},"9":{"name":"(anonymous_10)","decl":{"start":{"line":40,"column":32},"end":{"line":40,"column":35}},"loc":{"start":{"line":40,"column":38},"end":{"line":40,"column":52}}},"10":{"name":"(anonymous_11)","decl":{"start":{"line":43,"column":73},"end":{"line":43,"column":74}},"loc":{"start":{"line":43,"column":78},"end":{"line":43,"column":85}}},"11":{"name":"(anonymous_12)","decl":{"start":{"line":56,"column":69},"end":{"line":56,"column":70}},"loc":{"start":{"line":56,"column":74},"end":{"line":56,"column":81}}}},"branchMap":{"0":{"loc":{"start":{"line":10,"column":28},"end":{"line":14,"column":14}},"type":"cond-expr","locations":[{"start":{"line":10,"column":28},"end":{"line":14,"column":14}},{"start":{"line":14,"column":16},"end":{"line":14,"column":18}}]},"1":{"loc":{"start":{"line":37,"column":53},"end":{"line":37,"column":62}},"type":"cond-expr","locations":[{"start":{"line":37,"column":53},"end":{"line":37,"column":62}},{"start":{"line":37,"column":65},"end":{"line":37,"column":73}}]},"2":{"loc":{"start":{"line":38,"column":57},"end":{"line":38,"column":66}},"type":"cond-expr","locations":[{"start":{"line":38,"column":57},"end":{"line":38,"column":66}},{"start":{"line":38,"column":69},"end":{"line":38,"column":77}}]}},"s":{"0":1,"1":1,"2":1,"3":1,"4":1,"5":0,"6":0,"7":1,"8":0,"9":1,"10":0,"11":0,"12":0,"13":0,"14":0,"15":0,"16":0,"17":1,"18":7,"19":1,"20":1,"21":8},"f":{"0":0,"1":0,"2":0,"3":0,"4":0,"5":0,"6":0,"7":0,"8":0,"9":0,"10":7,"11":8},"b":{"0":[0,0],"1":[0,0],"2":[0,0]}}
,"/Users/antoinehurard/Desktop/emrs/emrs-safe-backend/src/const/enumTypes.ts": {"path":"/Users/antoinehurard/Desktop/emrs/emrs-safe-backend/src/const/enumTypes.ts","statementMap":{"0":{"start":{"line":3,"column":0},"end":{"line":3,"column":42}},"1":{"start":{"line":5,"column":18},"end":{"line":9,"column":1}},"2":{"start":{"line":6,"column":4},"end":{"line":8,"column":11}},"3":{"start":{"line":7,"column":8},"end":{"line":7,"column":64}},"4":{"start":{"line":11,"column":13},"end":{"line":15,"column":2}},"5":{"start":{"line":17,"column":13},"end":{"line":20,"column":3}},"6":{"start":{"line":22,"column":13},"end":{"line":24,"column":null}},"7":{"start":{"line":26,"column":13},"end":{"line":29,"column":3}},"8":{"start":{"line":31,"column":13},"end":{"line":35,"column":null}},"9":{"start":{"line":37,"column":13},"end":{"line":40,"column":null}}},"fnMap":{"0":{"name":"(anonymous_0)","decl":{"start":{"line":5,"column":18},"end":{"line":5,"column":19}},"loc":{"start":{"line":5,"column":32},"end":{"line":9,"column":1}}},"1":{"name":"(anonymous_1)","decl":{"start":{"line":6,"column":36},"end":{"line":6,"column":37}},"loc":{"start":{"line":6,"column":47},"end":{"line":8,"column":5}}}},"branchMap":{},"s":{"0":1,"1":1,"2":3,"3":7,"4":1,"5":1,"6":1,"7":1,"8":1,"9":1},"f":{"0":3,"1":7},"b":{}}
,"/Users/antoinehurard/Desktop/emrs/emrs-safe-backend/src/const/errors.ts": {"path":"/Users/antoinehurard/Desktop/emrs/emrs-safe-backend/src/const/errors.ts","statementMap":{"0":{"start":{"line":3,"column":15},"end":{"line":42,"column":2}},"1":{"start":{"line":30,"column":41},"end":{"line":30,"column":138}},"2":{"start":{"line":31,"column":46},"end":{"line":31,"column":138}},"3":{"start":{"line":32,"column":38},"end":{"line":32,"column":106}},"4":{"start":{"line":44,"column":0},"end":{"line":44,"column":22}}},"fnMap":{"0":{"name":"(anonymous_0)","decl":{"start":{"line":30,"column":4},"end":{"line":30,"column":23}},"loc":{"start":{"line":30,"column":37},"end":{"line":30,"column":140}}},"1":{"name":"(anonymous_1)","decl":{"start":{"line":31,"column":4},"end":{"line":31,"column":28}},"loc":{"start":{"line":31,"column":42},"end":{"line":31,"column":140}}},"2":{"name":"(anonymous_2)","decl":{"start":{"line":32,"column":4},"end":{"line":32,"column":20}},"loc":{"start":{"line":32,"column":34},"end":{"line":32,"column":108}}}},"branchMap":{},"s":{"0":1,"1":0,"2":0,"3":0,"4":1},"f":{"0":0,"1":0,"2":0},"b":{}}
,"/Users/antoinehurard/Desktop/emrs/emrs-safe-backend/src/const/permissions.ts": {"path":"/Users/antoinehurard/Desktop/emrs/emrs-safe-backend/src/const/permissions.ts","statementMap":{"0":{"start":{"line":3,"column":20},"end":{"line":13,"column":2}},"1":{"start":{"line":15,"column":0},"end":{"line":15,"column":27}}},"fnMap":{},"branchMap":{},"s":{"0":1,"1":1},"f":{},"b":{}}
,"/Users/antoinehurard/Desktop/emrs/emrs-safe-backend/src/const/protectedNames.ts": {"path":"/Users/antoinehurard/Desktop/emrs/emrs-safe-backend/src/const/protectedNames.ts","statementMap":{"0":{"start":{"line":3,"column":23},"end":{"line":4,"column":100}},"1":{"start":{"line":6,"column":0},"end":{"line":6,"column":30}}},"fnMap":{},"branchMap":{},"s":{"0":1,"1":1},"f":{},"b":{}}
,"/Users/antoinehurard/Desktop/emrs/emrs-safe-backend/src/models/apiConfiguration.ts": {"path":"/Users/antoinehurard/Desktop/emrs/emrs-safe-backend/src/models/apiConfiguration.ts","statementMap":{"0":{"start":{"line":1,"column":0},"end":{"line":1,"column":80}},"1":{"start":{"line":2,"column":0},"end":{"line":2,"column":54}},"2":{"start":{"line":3,"column":0},"end":{"line":3,"column":54}},"3":{"start":{"line":5,"column":31},"end":{"line":36,"column":2}},"4":{"start":{"line":38,"column":0},"end":{"line":38,"column":56}},"5":{"start":{"line":56,"column":0},"end":{"line":56,"column":55}},"6":{"start":{"line":57,"column":13},"end":{"line":57,"column":150}}},"fnMap":{},"branchMap":{},"s":{"0":1,"1":1,"2":1,"3":1,"4":1,"5":1,"6":1},"f":{},"b":{}}
,"/Users/antoinehurard/Desktop/emrs/emrs-safe-backend/src/models/application.ts": {"path":"/Users/antoinehurard/Desktop/emrs/emrs-safe-backend/src/models/application.ts","statementMap":{"0":{"start":{"line":1,"column":0},"end":{"line":1,"column":80}},"1":{"start":{"line":2,"column":0},"end":{"line":2,"column":54}},"2":{"start":{"line":3,"column":0},"end":{"line":3,"column":44}},"3":{"start":{"line":6,"column":26},"end":{"line":63,"column":2}},"4":{"start":{"line":65,"column":0},"end":{"line":65,"column":51}},"5":{"start":{"line":91,"column":0},"end":{"line":91,"column":50}},"6":{"start":{"line":92,"column":13},"end":{"line":92,"column":125}}},"fnMap":{},"branchMap":{},"s":{"0":1,"1":1,"2":1,"3":1,"4":1,"5":1,"6":1},"f":{},"b":{}}
,"/Users/antoinehurard/Desktop/emrs/emrs-safe-backend/src/models/channel.ts": {"path":"/Users/antoinehurard/Desktop/emrs/emrs-safe-backend/src/models/channel.ts","statementMap":{"0":{"start":{"line":1,"column":0},"end":{"line":1,"column":80}},"1":{"start":{"line":2,"column":0},"end":{"line":2,"column":54}},"2":{"start":{"line":4,"column":22},"end":{"line":17,"column":2}},"3":{"start":{"line":19,"column":0},"end":{"line":19,"column":73}},"4":{"start":{"line":27,"column":0},"end":{"line":27,"column":46}},"5":{"start":{"line":28,"column":13},"end":{"line":28,"column":105}}},"fnMap":{},"branchMap":{},"s":{"0":1,"1":1,"2":1,"3":1,"4":1,"5":1},"f":{},"b":{}}
,"/Users/antoinehurard/Desktop/emrs/emrs-safe-backend/src/models/dashboard.ts": {"path":"/Users/antoinehurard/Desktop/emrs/emrs-safe-backend/src/models/dashboard.ts","statementMap":{"0":{"start":{"line":1,"column":0},"end":{"line":1,"column":80}},"1":{"start":{"line":2,"column":0},"end":{"line":2,"column":54}},"2":{"start":{"line":4,"column":24},"end":{"line":9,"column":2}},"3":{"start":{"line":19,"column":0},"end":{"line":19,"column":48}},"4":{"start":{"line":20,"column":13},"end":{"line":20,"column":115}}},"fnMap":{},"branchMap":{},"s":{"0":1,"1":1,"2":1,"3":1,"4":1},"f":{},"b":{}}
,"/Users/antoinehurard/Desktop/emrs/emrs-safe-backend/src/models/form.ts": {"path":"/Users/antoinehurard/Desktop/emrs/emrs-safe-backend/src/models/form.ts","statementMap":{"0":{"start":{"line":1,"column":0},"end":{"line":1,"column":80}},"1":{"start":{"line":2,"column":0},"end":{"line":2,"column":54}},"2":{"start":{"line":3,"column":0},"end":{"line":3,"column":44}},"3":{"start":{"line":5,"column":19},"end":{"line":84,"column":2}},"4":{"start":{"line":111,"column":0},"end":{"line":111,"column":92}},"5":{"start":{"line":112,"column":0},"end":{"line":112,"column":43}},"6":{"start":{"line":113,"column":13},"end":{"line":113,"column":90}}},"fnMap":{},"branchMap":{},"s":{"0":1,"1":1,"2":1,"3":1,"4":1,"5":1,"6":1},"f":{},"b":{}}
,"/Users/antoinehurard/Desktop/emrs/emrs-safe-backend/src/models/index.ts": {"path":"/Users/antoinehurard/Desktop/emrs/emrs-safe-backend/src/models/index.ts","statementMap":{"0":{"start":{"line":1,"column":0},"end":{"line":1,"column":35}},"1":{"start":{"line":2,"column":0},"end":{"line":2,"column":30}},"2":{"start":{"line":3,"column":0},"end":{"line":3,"column":26}},"3":{"start":{"line":4,"column":0},"end":{"line":4,"column":28}},"4":{"start":{"line":5,"column":0},"end":{"line":5,"column":23}},"5":{"start":{"line":6,"column":0},"end":{"line":6,"column":31}},"6":{"start":{"line":7,"column":0},"end":{"line":7,"column":23}},"7":{"start":{"line":8,"column":0},"end":{"line":8,"column":29}},"8":{"start":{"line":9,"column":0},"end":{"line":9,"column":36}},"9":{"start":{"line":10,"column":0},"end":{"line":10,"column":44}},"10":{"start":{"line":11,"column":0},"end":{"line":11,"column":26}},"11":{"start":{"line":12,"column":0},"end":{"line":12,"column":25}},"12":{"start":{"line":13,"column":0},"end":{"line":13,"column":27}},"13":{"start":{"line":14,"column":0},"end":{"line":14,"column":23}},"14":{"start":{"line":15,"column":0},"end":{"line":15,"column":23}},"15":{"start":{"line":16,"column":0},"end":{"line":16,"column":23}},"16":{"start":{"line":17,"column":0},"end":{"line":17,"column":26}},"17":{"start":{"line":18,"column":0},"end":{"line":18,"column":27}}},"fnMap":{},"branchMap":{},"s":{"0":1,"1":1,"2":1,"3":1,"4":1,"5":1,"6":1,"7":1,"8":1,"9":1,"10":1,"11":1,"12":1,"13":1,"14":1,"15":1,"16":1,"17":1},"f":{},"b":{}}
,"/Users/antoinehurard/Desktop/emrs/emrs-safe-backend/src/models/notification.ts": {"path":"/Users/antoinehurard/Desktop/emrs/emrs-safe-backend/src/models/notification.ts","statementMap":{"0":{"start":{"line":1,"column":0},"end":{"line":1,"column":80}},"1":{"start":{"line":2,"column":0},"end":{"line":2,"column":54}},"2":{"start":{"line":4,"column":27},"end":{"line":17,"column":2}},"3":{"start":{"line":28,"column":0},"end":{"line":28,"column":51}},"4":{"start":{"line":29,"column":13},"end":{"line":29,"column":130}}},"fnMap":{},"branchMap":{},"s":{"0":1,"1":1,"2":1,"3":1,"4":1},"f":{},"b":{}}
,"/Users/antoinehurard/Desktop/emrs/emrs-safe-backend/src/models/page.ts": {"path":"/Users/antoinehurard/Desktop/emrs/emrs-safe-backend/src/models/page.ts","statementMap":{"0":{"start":{"line":1,"column":0},"end":{"line":1,"column":80}},"1":{"start":{"line":2,"column":0},"end":{"line":2,"column":54}},"2":{"start":{"line":3,"column":0},"end":{"line":3,"column":49}},"3":{"start":{"line":5,"column":19},"end":{"line":33,"column":2}},"4":{"start":{"line":50,"column":0},"end":{"line":50,"column":43}},"5":{"start":{"line":51,"column":13},"end":{"line":51,"column":90}}},"fnMap":{},"branchMap":{},"s":{"0":1,"1":1,"2":1,"3":1,"4":1,"5":1},"f":{},"b":{}}
,"/Users/antoinehurard/Desktop/emrs/emrs-safe-backend/src/models/permission.ts": {"path":"/Users/antoinehurard/Desktop/emrs/emrs-safe-backend/src/models/permission.ts","statementMap":{"0":{"start":{"line":1,"column":0},"end":{"line":1,"column":80}},"1":{"start":{"line":2,"column":0},"end":{"line":2,"column":54}},"2":{"start":{"line":4,"column":25},"end":{"line":10,"column":2}},"3":{"start":{"line":12,"column":0},"end":{"line":12,"column":61}},"4":{"start":{"line":20,"column":0},"end":{"line":20,"column":49}},"5":{"start":{"line":21,"column":13},"end":{"line":21,"column":120}}},"fnMap":{},"branchMap":{},"s":{"0":1,"1":1,"2":1,"3":1,"4":1,"5":1},"f":{},"b":{}}
,"/Users/antoinehurard/Desktop/emrs/emrs-safe-backend/src/models/positionAttribute.ts": {"path":"/Users/antoinehurard/Desktop/emrs/emrs-safe-backend/src/models/positionAttribute.ts","statementMap":{"0":{"start":{"line":1,"column":0},"end":{"line":1,"column":80}},"1":{"start":{"line":2,"column":0},"end":{"line":2,"column":54}},"2":{"start":{"line":4,"column":32},"end":{"line":10,"column":2}},"3":{"start":{"line":19,"column":0},"end":{"line":19,"column":56}},"4":{"start":{"line":20,"column":13},"end":{"line":20,"column":155}}},"fnMap":{},"branchMap":{},"s":{"0":1,"1":1,"2":1,"3":1,"4":1},"f":{},"b":{}}
,"/Users/antoinehurard/Desktop/emrs/emrs-safe-backend/src/models/positionAttributeCategory.ts": {"path":"/Users/antoinehurard/Desktop/emrs/emrs-safe-backend/src/models/positionAttributeCategory.ts","statementMap":{"0":{"start":{"line":1,"column":0},"end":{"line":1,"column":80}},"1":{"start":{"line":2,"column":0},"end":{"line":2,"column":54}},"2":{"start":{"line":4,"column":40},"end":{"line":14,"column":2}},"3":{"start":{"line":22,"column":0},"end":{"line":22,"column":82}},"4":{"start":{"line":23,"column":0},"end":{"line":23,"column":64}},"5":{"start":{"line":24,"column":13},"end":{"line":24,"column":195}}},"fnMap":{},"branchMap":{},"s":{"0":1,"1":1,"2":1,"3":1,"4":1,"5":1},"f":{},"b":{}}
,"/Users/antoinehurard/Desktop/emrs/emrs-safe-backend/src/models/pullJob.ts": {"path":"/Users/antoinehurard/Desktop/emrs/emrs-safe-backend/src/models/pullJob.ts","statementMap":{"0":{"start":{"line":1,"column":0},"end":{"line":1,"column":80}},"1":{"start":{"line":2,"column":0},"end":{"line":2,"column":54}},"2":{"start":{"line":3,"column":0},"end":{"line":3,"column":44}},"3":{"start":{"line":8,"column":22},"end":{"line":28,"column":2}},"4":{"start":{"line":30,"column":0},"end":{"line":30,"column":47}},"5":{"start":{"line":42,"column":0},"end":{"line":42,"column":46}},"6":{"start":{"line":43,"column":13},"end":{"line":43,"column":105}}},"fnMap":{},"branchMap":{},"s":{"0":1,"1":1,"2":1,"3":1,"4":1,"5":1,"6":1},"f":{},"b":{}}
,"/Users/antoinehurard/Desktop/emrs/emrs-safe-backend/src/models/record.ts": {"path":"/Users/antoinehurard/Desktop/emrs/emrs-safe-backend/src/models/record.ts","statementMap":{"0":{"start":{"line":1,"column":0},"end":{"line":1,"column":80}},"1":{"start":{"line":2,"column":0},"end":{"line":2,"column":54}},"2":{"start":{"line":4,"column":21},"end":{"line":46,"column":2}},"3":{"start":{"line":70,"column":0},"end":{"line":70,"column":45}},"4":{"start":{"line":71,"column":13},"end":{"line":71,"column":100}}},"fnMap":{},"branchMap":{},"s":{"0":1,"1":1,"2":1,"3":1,"4":1},"f":{},"b":{}}
,"/Users/antoinehurard/Desktop/emrs/emrs-safe-backend/src/models/resource.ts": {"path":"/Users/antoinehurard/Desktop/emrs/emrs-safe-backend/src/models/resource.ts","statementMap":{"0":{"start":{"line":1,"column":0},"end":{"line":1,"column":80}},"1":{"start":{"line":2,"column":0},"end":{"line":2,"column":54}},"2":{"start":{"line":4,"column":23},"end":{"line":33,"column":2}},"3":{"start":{"line":48,"column":0},"end":{"line":48,"column":47}},"4":{"start":{"line":49,"column":13},"end":{"line":49,"column":110}}},"fnMap":{},"branchMap":{},"s":{"0":1,"1":1,"2":1,"3":1,"4":1},"f":{},"b":{}}
,"/Users/antoinehurard/Desktop/emrs/emrs-safe-backend/src/models/role.ts": {"path":"/Users/antoinehurard/Desktop/emrs/emrs-safe-backend/src/models/role.ts","statementMap":{"0":{"start":{"line":1,"column":0},"end":{"line":1,"column":80}},"1":{"start":{"line":2,"column":0},"end":{"line":2,"column":54}},"2":{"start":{"line":4,"column":19},"end":{"line":18,"column":2}},"3":{"start":{"line":20,"column":0},"end":{"line":20,"column":61}},"4":{"start":{"line":30,"column":0},"end":{"line":30,"column":43}},"5":{"start":{"line":31,"column":13},"end":{"line":31,"column":90}}},"fnMap":{},"branchMap":{},"s":{"0":1,"1":1,"2":1,"3":1,"4":1,"5":1},"f":{},"b":{}}
,"/Users/antoinehurard/Desktop/emrs/emrs-safe-backend/src/models/step.ts": {"path":"/Users/antoinehurard/Desktop/emrs/emrs-safe-backend/src/models/step.ts","statementMap":{"0":{"start":{"line":1,"column":0},"end":{"line":1,"column":80}},"1":{"start":{"line":2,"column":0},"end":{"line":2,"column":54}},"2":{"start":{"line":3,"column":0},"end":{"line":3,"column":49}},"3":{"start":{"line":5,"column":19},"end":{"line":33,"column":2}},"4":{"start":{"line":54,"column":0},"end":{"line":54,"column":43}},"5":{"start":{"line":55,"column":13},"end":{"line":55,"column":90}}},"fnMap":{},"branchMap":{},"s":{"0":1,"1":1,"2":1,"3":1,"4":1,"5":1},"f":{},"b":{}}
,"/Users/antoinehurard/Desktop/emrs/emrs-safe-backend/src/models/user.ts": {"path":"/Users/antoinehurard/Desktop/emrs/emrs-safe-backend/src/models/user.ts","statementMap":{"0":{"start":{"line":1,"column":0},"end":{"line":1,"column":80}},"1":{"start":{"line":2,"column":0},"end":{"line":2,"column":54}},"2":{"start":{"line":4,"column":0},"end":{"line":4,"column":56}},"3":{"start":{"line":6,"column":19},"end":{"line":21,"column":2}},"4":{"start":{"line":34,"column":0},"end":{"line":34,"column":94}},"5":{"start":{"line":35,"column":0},"end":{"line":35,"column":48}},"6":{"start":{"line":36,"column":0},"end":{"line":36,"column":43}},"7":{"start":{"line":37,"column":13},"end":{"line":37,"column":90}}},"fnMap":{},"branchMap":{},"s":{"0":1,"1":1,"2":1,"3":1,"4":1,"5":1,"6":1,"7":1},"f":{},"b":{}}
,"/Users/antoinehurard/Desktop/emrs/emrs-safe-backend/src/models/version.ts": {"path":"/Users/antoinehurard/Desktop/emrs/emrs-safe-backend/src/models/version.ts","statementMap":{"0":{"start":{"line":1,"column":0},"end":{"line":1,"column":80}},"1":{"start":{"line":2,"column":0},"end":{"line":2,"column":54}},"2":{"start":{"line":4,"column":22},"end":{"line":8,"column":2}},"3":{"start":{"line":17,"column":0},"end":{"line":17,"column":46}},"4":{"start":{"line":18,"column":13},"end":{"line":18,"column":105}}},"fnMap":{},"branchMap":{},"s":{"0":1,"1":1,"2":1,"3":1,"4":1},"f":{},"b":{}}
,"/Users/antoinehurard/Desktop/emrs/emrs-safe-backend/src/models/workflow.ts": {"path":"/Users/antoinehurard/Desktop/emrs/emrs-safe-backend/src/models/workflow.ts","statementMap":{"0":{"start":{"line":1,"column":0},"end":{"line":1,"column":80}},"1":{"start":{"line":2,"column":0},"end":{"line":2,"column":54}},"2":{"start":{"line":4,"column":23},"end":{"line":12,"column":2}},"3":{"start":{"line":22,"column":0},"end":{"line":22,"column":47}},"4":{"start":{"line":23,"column":13},"end":{"line":23,"column":110}}},"fnMap":{},"branchMap":{},"s":{"0":1,"1":1,"2":1,"3":1,"4":1},"f":{},"b":{}}
,"/Users/antoinehurard/Desktop/emrs/emrs-safe-backend/src/routes/index.ts": {"path":"/Users/antoinehurard/Desktop/emrs/emrs-safe-backend/src/routes/index.ts","statementMap":{"0":{"start":{"line":1,"column":0},"end":{"line":1,"column":30}},"1":{"start":{"line":2,"column":0},"end":{"line":2,"column":55}},"2":{"start":{"line":3,"column":0},"end":{"line":3,"column":34}},"3":{"start":{"line":5,"column":15},"end":{"line":5,"column":31}},"4":{"start":{"line":9,"column":9},"end":{"line":9,"column":15}},"5":{"start":{"line":6,"column":0},"end":{"line":6,"column":27}},"6":{"start":{"line":7,"column":0},"end":{"line":7,"column":34}}},"fnMap":{},"branchMap":{},"s":{"0":1,"1":1,"2":1,"3":1,"4":1,"5":1,"6":1},"f":{},"b":{}}
,"/Users/antoinehurard/Desktop/emrs/emrs-safe-backend/src/routes/download/index.ts": {"path":"/Users/antoinehurard/Desktop/emrs/emrs-safe-backend/src/routes/download/index.ts","statementMap":{"0":{"start":{"line":1,"column":0},"end":{"line":1,"column":30}},"1":{"start":{"line":2,"column":0},"end":{"line":2,"column":40}},"2":{"start":{"line":3,"column":0},"end":{"line":3,"column":54}},"3":{"start":{"line":5,"column":0},"end":{"line":5,"column":52}},"4":{"start":{"line":6,"column":0},"end":{"line":6,"column":68}},"5":{"start":{"line":7,"column":0},"end":{"line":7,"column":20}},"6":{"start":{"line":8,"column":0},"end":{"line":8,"column":56}},"7":{"start":{"line":12,"column":15},"end":{"line":12,"column":31}},"8":{"start":{"line":13,"column":0},"end":{"line":36,"column":3}},"9":{"start":{"line":14,"column":32},"end":{"line":14,"column":56}},"10":{"start":{"line":15,"column":20},"end":{"line":15,"column":94}},"11":{"start":{"line":16,"column":17},"end":{"line":16,"column":44}},"12":{"start":{"line":17,"column":4},"end":{"line":35,"column":null}},"13":{"start":{"line":18,"column":22},"end":{"line":18,"column":24}},"14":{"start":{"line":19,"column":32},"end":{"line":19,"column":34}},"15":{"start":{"line":20,"column":8},"end":{"line":27,"column":null}},"16":{"start":{"line":21,"column":12},"end":{"line":21,"column":94}},"17":{"start":{"line":22,"column":12},"end":{"line":24,"column":null}},"18":{"start":{"line":23,"column":16},"end":{"line":23,"column":109}},"19":{"start":{"line":26,"column":12},"end":{"line":26,"column":65}},"20":{"start":{"line":29,"column":23},"end":{"line":29,"column":51}},"21":{"start":{"line":29,"column":44},"end":{"line":29,"column":50}},"22":{"start":{"line":30,"column":21},"end":{"line":30,"column":45}},"23":{"start":{"line":30,"column":38},"end":{"line":30,"column":44}},"24":{"start":{"line":31,"column":21},"end":{"line":31,"column":56}},"25":{"start":{"line":32,"column":8},"end":{"line":32,"column":63}},"26":{"start":{"line":34,"column":8},"end":{"line":34,"column":50}},"27":{"start":{"line":40,"column":0},"end":{"line":56,"column":3}},"28":{"start":{"line":41,"column":32},"end":{"line":41,"column":56}},"29":{"start":{"line":42,"column":20},"end":{"line":42,"column":98}},"30":{"start":{"line":43,"column":21},"end":{"line":43,"column":52}},"31":{"start":{"line":44,"column":4},"end":{"line":55,"column":null}},"32":{"start":{"line":45,"column":22},"end":{"line":45,"column":24}},"33":{"start":{"line":46,"column":8},"end":{"line":48,"column":null}},"34":{"start":{"line":47,"column":12},"end":{"line":47,"column":69}},"35":{"start":{"line":49,"column":23},"end":{"line":49,"column":55}},"36":{"start":{"line":49,"column":48},"end":{"line":49,"column":54}},"37":{"start":{"line":50,"column":21},"end":{"line":50,"column":45}},"38":{"start":{"line":50,"column":38},"end":{"line":50,"column":44}},"39":{"start":{"line":51,"column":21},"end":{"line":51,"column":56}},"40":{"start":{"line":52,"column":8},"end":{"line":52,"column":67}},"41":{"start":{"line":54,"column":8},"end":{"line":54,"column":50}},"42":{"start":{"line":60,"column":0},"end":{"line":95,"column":3}},"43":{"start":{"line":61,"column":16},"end":{"line":61,"column":58}},"44":{"start":{"line":62,"column":32},"end":{"line":62,"column":56}},"45":{"start":{"line":63,"column":4},"end":{"line":93,"column":null}},"46":{"start":{"line":64,"column":32},"end":{"line":64,"column":34}},"47":{"start":{"line":65,"column":28},"end":{"line":68,"column":10}},"48":{"start":{"line":69,"column":21},"end":{"line":69,"column":32}},"49":{"start":{"line":70,"column":8},"end":{"line":92,"column":null}},"50":{"start":{"line":71,"column":25},"end":{"line":71,"column":60}},"51":{"start":{"line":72,"column":27},"end":{"line":72,"column":55}},"52":{"start":{"line":72,"column":48},"end":{"line":72,"column":54}},"53":{"start":{"line":73,"column":12},"end":{"line":91,"column":null}},"54":{"start":{"line":74,"column":16},"end":{"line":74,"column":98}},"55":{"start":{"line":75,"column":16},"end":{"line":83,"column":null}},"56":{"start":{"line":76,"column":36},"end":{"line":80,"column":23}},"57":{"start":{"line":81,"column":33},"end":{"line":81,"column":57}},"58":{"start":{"line":81,"column":50},"end":{"line":81,"column":56}},"59":{"start":{"line":82,"column":20},"end":{"line":82,"column":75}},"60":{"start":{"line":85,"column":32},"end":{"line":88,"column":19}},"61":{"start":{"line":89,"column":29},"end":{"line":89,"column":53}},"62":{"start":{"line":89,"column":46},"end":{"line":89,"column":52}},"63":{"start":{"line":90,"column":16},"end":{"line":90,"column":71}},"64":{"start":{"line":94,"column":4},"end":{"line":94,"column":46}},"65":{"start":{"line":99,"column":0},"end":{"line":114,"column":3}},"66":{"start":{"line":100,"column":32},"end":{"line":100,"column":56}},"67":{"start":{"line":101,"column":23},"end":{"line":101,"column":59}},"68":{"start":{"line":102,"column":4},"end":{"line":104,"column":null}},"69":{"start":{"line":103,"column":8},"end":{"line":103,"column":50}},"70":{"start":{"line":105,"column":4},"end":{"line":107,"column":null}},"71":{"start":{"line":106,"column":8},"end":{"line":106,"column":58}},"72":{"start":{"line":108,"column":4},"end":{"line":108,"column":57}},"73":{"start":{"line":109,"column":4},"end":{"line":113,"column":7}},"74":{"start":{"line":110,"column":8},"end":{"line":112,"column":11}},"75":{"start":{"line":111,"column":12},"end":{"line":111,"column":40}},"76":{"start":{"line":116,"column":0},"end":{"line":116,"column":22}}},"fnMap":{"0":{"name":"(anonymous_1)","decl":{"start":{"line":13,"column":32},"end":{"line":13,"column":37}},"loc":{"start":{"line":13,"column":51},"end":{"line":36,"column":1}}},"1":{"name":"(anonymous_2)","decl":{"start":{"line":29,"column":39},"end":{"line":29,"column":40}},"loc":{"start":{"line":29,"column":44},"end":{"line":29,"column":50}}},"2":{"name":"(anonymous_3)","decl":{"start":{"line":30,"column":33},"end":{"line":30,"column":34}},"loc":{"start":{"line":30,"column":38},"end":{"line":30,"column":44}}},"3":{"name":"(anonymous_4)","decl":{"start":{"line":40,"column":36},"end":{"line":40,"column":41}},"loc":{"start":{"line":40,"column":55},"end":{"line":56,"column":1}}},"4":{"name":"(anonymous_5)","decl":{"start":{"line":49,"column":43},"end":{"line":49,"column":44}},"loc":{"start":{"line":49,"column":48},"end":{"line":49,"column":54}}},"5":{"name":"(anonymous_6)","decl":{"start":{"line":50,"column":33},"end":{"line":50,"column":34}},"loc":{"start":{"line":50,"column":38},"end":{"line":50,"column":44}}},"6":{"name":"(anonymous_7)","decl":{"start":{"line":60,"column":23},"end":{"line":60,"column":28}},"loc":{"start":{"line":60,"column":42},"end":{"line":95,"column":1}}},"7":{"name":"(anonymous_8)","decl":{"start":{"line":72,"column":43},"end":{"line":72,"column":44}},"loc":{"start":{"line":72,"column":48},"end":{"line":72,"column":54}}},"8":{"name":"(anonymous_9)","decl":{"start":{"line":81,"column":45},"end":{"line":81,"column":46}},"loc":{"start":{"line":81,"column":50},"end":{"line":81,"column":56}}},"9":{"name":"(anonymous_10)","decl":{"start":{"line":89,"column":41},"end":{"line":89,"column":42}},"loc":{"start":{"line":89,"column":46},"end":{"line":89,"column":52}}},"10":{"name":"(anonymous_11)","decl":{"start":{"line":99,"column":32},"end":{"line":99,"column":37}},"loc":{"start":{"line":99,"column":51},"end":{"line":114,"column":1}}},"11":{"name":"(anonymous_12)","decl":{"start":{"line":109,"column":45},"end":{"line":109,"column":48}},"loc":{"start":{"line":109,"column":50},"end":{"line":113,"column":5}}},"12":{"name":"(anonymous_13)","decl":{"start":{"line":110,"column":46},"end":{"line":110,"column":49}},"loc":{"start":{"line":110,"column":51},"end":{"line":112,"column":9}}}},"branchMap":{"0":{"loc":{"start":{"line":17,"column":4},"end":{"line":35,"column":null}},"type":"if","locations":[{"start":{"line":17,"column":4},"end":{"line":35,"column":null}},{"start":{"line":17,"column":4},"end":{"line":35,"column":null}}]},"1":{"loc":{"start":{"line":20,"column":8},"end":{"line":27,"column":null}},"type":"if","locations":[{"start":{"line":20,"column":8},"end":{"line":27,"column":null}},{"start":{"line":20,"column":8},"end":{"line":27,"column":null}}]},"2":{"loc":{"start":{"line":22,"column":12},"end":{"line":24,"column":null}},"type":"if","locations":[{"start":{"line":22,"column":12},"end":{"line":24,"column":null}},{"start":{"line":22,"column":12},"end":{"line":24,"column":null}}]},"3":{"loc":{"start":{"line":31,"column":33},"end":{"line":31,"column":47}},"type":"cond-expr","locations":[{"start":{"line":31,"column":33},"end":{"line":31,"column":47}},{"start":{"line":31,"column":50},"end":{"line":31,"column":56}}]},"4":{"loc":{"start":{"line":44,"column":4},"end":{"line":55,"column":null}},"type":"if","locations":[{"start":{"line":44,"column":4},"end":{"line":55,"column":null}},{"start":{"line":44,"column":4},"end":{"line":55,"column":null}}]},"5":{"loc":{"start":{"line":46,"column":8},"end":{"line":48,"column":null}},"type":"if","locations":[{"start":{"line":46,"column":8},"end":{"line":48,"column":null}},{"start":{"line":46,"column":8},"end":{"line":48,"column":null}}]},"6":{"loc":{"start":{"line":51,"column":33},"end":{"line":51,"column":47}},"type":"cond-expr","locations":[{"start":{"line":51,"column":33},"end":{"line":51,"column":47}},{"start":{"line":51,"column":50},"end":{"line":51,"column":56}}]},"7":{"loc":{"start":{"line":61,"column":16},"end":{"line":61,"column":52}},"type":"binary-expr","locations":[{"start":{"line":61,"column":16},"end":{"line":61,"column":52}},{"start":{"line":61,"column":56},"end":{"line":61,"column":58}}]},"8":{"loc":{"start":{"line":63,"column":4},"end":{"line":93,"column":null}},"type":"if","locations":[{"start":{"line":63,"column":4},"end":{"line":93,"column":null}},{"start":{"line":63,"column":4},"end":{"line":93,"column":null}}]},"9":{"loc":{"start":{"line":70,"column":8},"end":{"line":92,"column":null}},"type":"if","locations":[{"start":{"line":70,"column":8},"end":{"line":92,"column":null}},{"start":{"line":70,"column":8},"end":{"line":92,"column":null}}]},"10":{"loc":{"start":{"line":71,"column":37},"end":{"line":71,"column":51}},"type":"cond-expr","locations":[{"start":{"line":71,"column":37},"end":{"line":71,"column":51}},{"start":{"line":71,"column":54},"end":{"line":71,"column":60}}]},"11":{"loc":{"start":{"line":73,"column":12},"end":{"line":91,"column":null}},"type":"if","locations":[{"start":{"line":73,"column":12},"end":{"line":91,"column":null}},{"start":{"line":73,"column":12},"end":{"line":91,"column":null}}]},"12":{"loc":{"start":{"line":75,"column":16},"end":{"line":83,"column":null}},"type":"if","locations":[{"start":{"line":75,"column":16},"end":{"line":83,"column":null}},{"start":{"line":75,"column":16},"end":{"line":83,"column":null}}]},"13":{"loc":{"start":{"line":102,"column":4},"end":{"line":104,"column":null}},"type":"if","locations":[{"start":{"line":102,"column":4},"end":{"line":104,"column":null}},{"start":{"line":102,"column":4},"end":{"line":104,"column":null}}]},"14":{"loc":{"start":{"line":105,"column":4},"end":{"line":107,"column":null}},"type":"if","locations":[{"start":{"line":105,"column":4},"end":{"line":107,"column":null}},{"start":{"line":105,"column":4},"end":{"line":107,"column":null}}]}},"s":{"0":1,"1":1,"2":1,"3":1,"4":1,"5":1,"6":1,"7":1,"8":1,"9":0,"10":0,"11":0,"12":0,"13":0,"14":0,"15":0,"16":0,"17":0,"18":0,"19":0,"20":0,"21":0,"22":0,"23":0,"24":0,"25":0,"26":0,"27":1,"28":0,"29":0,"30":0,"31":0,"32":0,"33":0,"34":0,"35":0,"36":0,"37":0,"38":0,"39":0,"40":0,"41":0,"42":1,"43":0,"44":0,"45":0,"46":0,"47":0,"48":0,"49":0,"50":0,"51":0,"52":0,"53":0,"54":0,"55":0,"56":0,"57":0,"58":0,"59":0,"60":0,"61":0,"62":0,"63":0,"64":0,"65":1,"66":0,"67":0,"68":0,"69":0,"70":0,"71":0,"72":0,"73":0,"74":0,"75":0,"76":1},"f":{"0":0,"1":0,"2":0,"3":0,"4":0,"5":0,"6":0,"7":0,"8":0,"9":0,"10":0,"11":0,"12":0},"b":{"0":[0,0],"1":[0,0],"2":[0,0],"3":[0,0],"4":[0,0],"5":[0,0],"6":[0,0],"7":[0,0],"8":[0,0],"9":[0,0],"10":[0,0],"11":[0,0],"12":[0,0],"13":[0,0],"14":[0,0]}}
,"/Users/antoinehurard/Desktop/emrs/emrs-safe-backend/src/schema/index.ts": {"path":"/Users/antoinehurard/Desktop/emrs/emrs-safe-backend/src/schema/index.ts","statementMap":{"0":{"start":{"line":1,"column":0},"end":{"line":1,"column":40}},"1":{"start":{"line":2,"column":0},"end":{"line":2,"column":34}},"2":{"start":{"line":3,"column":0},"end":{"line":3,"column":28}},"3":{"start":{"line":4,"column":0},"end":{"line":4,"column":42}},"4":{"start":{"line":6,"column":0},"end":{"line":10,"column":3}}},"fnMap":{},"branchMap":{},"s":{"0":1,"1":1,"2":1,"3":1,"4":1},"f":{},"b":{}}
,"/Users/antoinehurard/Desktop/emrs/emrs-safe-backend/src/schema/inputs/index.ts": {"path":"/Users/antoinehurard/Desktop/emrs/emrs-safe-backend/src/schema/inputs/index.ts","statementMap":{"0":{"start":{"line":1,"column":0},"end":{"line":1,"column":37}},"1":{"start":{"line":2,"column":0},"end":{"line":2,"column":31}}},"fnMap":{},"branchMap":{},"s":{"0":1,"1":1},"f":{},"b":{}}
,"/Users/antoinehurard/Desktop/emrs/emrs-safe-backend/src/schema/inputs/position-attribute.ts": {"path":"/Users/antoinehurard/Desktop/emrs/emrs-safe-backend/src/schema/inputs/position-attribute.ts","statementMap":{"0":{"start":{"line":1,"column":0},"end":{"line":1,"column":91}},"1":{"start":{"line":3,"column":13},"end":{"line":9,"column":3}},"2":{"start":{"line":5,"column":19},"end":{"line":8,"column":6}}},"fnMap":{"0":{"name":"(anonymous_0)","decl":{"start":{"line":5,"column":12},"end":{"line":5,"column":15}},"loc":{"start":{"line":5,"column":19},"end":{"line":8,"column":6}}}},"branchMap":{},"s":{"0":1,"1":1,"2":1},"f":{"0":1},"b":{}}
,"/Users/antoinehurard/Desktop/emrs/emrs-safe-backend/src/schema/inputs/user-profile.ts": {"path":"/Users/antoinehurard/Desktop/emrs/emrs-safe-backend/src/schema/inputs/user-profile.ts","statementMap":{"0":{"start":{"line":1,"column":0},"end":{"line":1,"column":75}},"1":{"start":{"line":3,"column":13},"end":{"line":9,"column":3}},"2":{"start":{"line":5,"column":19},"end":{"line":8,"column":6}}},"fnMap":{"0":{"name":"(anonymous_0)","decl":{"start":{"line":5,"column":12},"end":{"line":5,"column":15}},"loc":{"start":{"line":5,"column":19},"end":{"line":8,"column":6}}}},"branchMap":{},"s":{"0":1,"1":1,"2":1},"f":{"0":1},"b":{}}
,"/Users/antoinehurard/Desktop/emrs/emrs-safe-backend/src/schema/mutation/addApiConfiguration.ts": {"path":"/Users/antoinehurard/Desktop/emrs/emrs-safe-backend/src/schema/mutation/addApiConfiguration.ts","statementMap":{"0":{"start":{"line":1,"column":0},"end":{"line":1,"column":70}},"1":{"start":{"line":2,"column":0},"end":{"line":2,"column":40}},"2":{"start":{"line":3,"column":0},"end":{"line":3,"column":48}},"3":{"start":{"line":4,"column":0},"end":{"line":4,"column":48}},"4":{"start":{"line":6,"column":0},"end":{"line":6,"column":47}},"5":{"start":{"line":8,"column":0},"end":{"line":41,"column":null}},"6":{"start":{"line":17,"column":21},"end":{"line":17,"column":33}},"7":{"start":{"line":18,"column":8},"end":{"line":20,"column":null}},"8":{"start":{"line":19,"column":12},"end":{"line":19,"column":57}},"9":{"start":{"line":21,"column":36},"end":{"line":21,"column":48}},"10":{"start":{"line":22,"column":8},"end":{"line":39,"column":null}},"11":{"start":{"line":23,"column":12},"end":{"line":35,"column":null}},"12":{"start":{"line":24,"column":41},"end":{"line":33,"column":18}},"13":{"start":{"line":34,"column":16},"end":{"line":34,"column":47}},"14":{"start":{"line":36,"column":12},"end":{"line":36,"column":79}},"15":{"start":{"line":38,"column":12},"end":{"line":38,"column":64}}},"fnMap":{"0":{"name":"(anonymous_1)","decl":{"start":{"line":16,"column":4},"end":{"line":16,"column":9}},"loc":{"start":{"line":16,"column":39},"end":{"line":40,"column":5}}}},"branchMap":{"0":{"loc":{"start":{"line":18,"column":8},"end":{"line":20,"column":null}},"type":"if","locations":[{"start":{"line":18,"column":8},"end":{"line":20,"column":null}},{"start":{"line":18,"column":8},"end":{"line":20,"column":null}}]},"1":{"loc":{"start":{"line":22,"column":8},"end":{"line":39,"column":null}},"type":"if","locations":[{"start":{"line":22,"column":8},"end":{"line":39,"column":null}},{"start":{"line":22,"column":8},"end":{"line":39,"column":null}}]},"2":{"loc":{"start":{"line":23,"column":12},"end":{"line":35,"column":null}},"type":"if","locations":[{"start":{"line":23,"column":12},"end":{"line":35,"column":null}},{"start":{"line":23,"column":12},"end":{"line":35,"column":null}}]}},"s":{"0":1,"1":1,"2":1,"3":1,"4":1,"5":1,"6":0,"7":0,"8":0,"9":0,"10":0,"11":0,"12":0,"13":0,"14":0,"15":0},"f":{"0":0},"b":{"0":[0,0],"1":[0,0],"2":[0,0]}}
,"/Users/antoinehurard/Desktop/emrs/emrs-safe-backend/src/schema/mutation/addApplication.ts": {"path":"/Users/antoinehurard/Desktop/emrs/emrs-safe-backend/src/schema/mutation/addApplication.ts","statementMap":{"0":{"start":{"line":1,"column":0},"end":{"line":1,"column":70}},"1":{"start":{"line":2,"column":0},"end":{"line":2,"column":40}},"2":{"start":{"line":3,"column":0},"end":{"line":3,"column":44}},"3":{"start":{"line":4,"column":0},"end":{"line":4,"column":72}},"4":{"start":{"line":5,"column":0},"end":{"line":5,"column":41}},"5":{"start":{"line":6,"column":0},"end":{"line":6,"column":52}},"6":{"start":{"line":7,"column":0},"end":{"line":7,"column":43}},"7":{"start":{"line":10,"column":0},"end":{"line":77,"column":null}},"8":{"start":{"line":19,"column":8},"end":{"line":19,"column":32}},"9":{"start":{"line":20,"column":21},"end":{"line":20,"column":33}},"10":{"start":{"line":21,"column":8},"end":{"line":23,"column":null}},"11":{"start":{"line":22,"column":12},"end":{"line":22,"column":57}},"12":{"start":{"line":24,"column":36},"end":{"line":24,"column":48}},"13":{"start":{"line":25,"column":8},"end":{"line":75,"column":null}},"14":{"start":{"line":26,"column":12},"end":{"line":71,"column":null}},"15":{"start":{"line":27,"column":36},"end":{"line":40,"column":18}},"16":{"start":{"line":41,"column":16},"end":{"line":41,"column":41}},"17":{"start":{"line":43,"column":32},"end":{"line":43,"column":87}},"18":{"start":{"line":44,"column":37},"end":{"line":50,"column":18}},"19":{"start":{"line":51,"column":16},"end":{"line":51,"column":42}},"20":{"start":{"line":52,"column":34},"end":{"line":52,"column":48}},"21":{"start":{"line":53,"column":16},"end":{"line":53,"column":64}},"22":{"start":{"line":55,"column":36},"end":{"line":58,"column":18}},"23":{"start":{"line":59,"column":16},"end":{"line":59,"column":41}},"24":{"start":{"line":61,"column":16},"end":{"line":69,"column":null}},"25":{"start":{"line":62,"column":33},"end":{"line":66,"column":22}},"26":{"start":{"line":67,"column":20},"end":{"line":67,"column":38}},"27":{"start":{"line":68,"column":20},"end":{"line":68,"column":66}},"28":{"start":{"line":70,"column":16},"end":{"line":70,"column":35}},"29":{"start":{"line":72,"column":12},"end":{"line":72,"column":74}},"30":{"start":{"line":74,"column":12},"end":{"line":74,"column":64}}},"fnMap":{"0":{"name":"(anonymous_1)","decl":{"start":{"line":18,"column":4},"end":{"line":18,"column":9}},"loc":{"start":{"line":18,"column":39},"end":{"line":76,"column":5}}}},"branchMap":{"0":{"loc":{"start":{"line":21,"column":8},"end":{"line":23,"column":null}},"type":"if","locations":[{"start":{"line":21,"column":8},"end":{"line":23,"column":null}},{"start":{"line":21,"column":8},"end":{"line":23,"column":null}}]},"1":{"loc":{"start":{"line":25,"column":8},"end":{"line":75,"column":null}},"type":"if","locations":[{"start":{"line":25,"column":8},"end":{"line":75,"column":null}},{"start":{"line":25,"column":8},"end":{"line":75,"column":null}}]},"2":{"loc":{"start":{"line":26,"column":12},"end":{"line":71,"column":null}},"type":"if","locations":[{"start":{"line":26,"column":12},"end":{"line":71,"column":null}},{"start":{"line":26,"column":12},"end":{"line":71,"column":null}}]}},"s":{"0":1,"1":1,"2":1,"3":1,"4":1,"5":1,"6":1,"7":1,"8":0,"9":0,"10":0,"11":0,"12":0,"13":0,"14":0,"15":0,"16":0,"17":0,"18":0,"19":0,"20":0,"21":0,"22":0,"23":0,"24":0,"25":0,"26":0,"27":0,"28":0,"29":0,"30":0},"f":{"0":0},"b":{"0":[0,0],"1":[0,0],"2":[0,0]}}
,"/Users/antoinehurard/Desktop/emrs/emrs-safe-backend/src/schema/mutation/addChannel.ts": {"path":"/Users/antoinehurard/Desktop/emrs/emrs-safe-backend/src/schema/mutation/addChannel.ts","statementMap":{"0":{"start":{"line":1,"column":0},"end":{"line":1,"column":81}},"1":{"start":{"line":2,"column":0},"end":{"line":2,"column":40}},"2":{"start":{"line":3,"column":0},"end":{"line":3,"column":52}},"3":{"start":{"line":5,"column":0},"end":{"line":5,"column":39}},"4":{"start":{"line":7,"column":0},"end":{"line":34,"column":null}},"5":{"start":{"line":17,"column":21},"end":{"line":17,"column":33}},"6":{"start":{"line":18,"column":8},"end":{"line":20,"column":null}},"7":{"start":{"line":19,"column":12},"end":{"line":19,"column":57}},"8":{"start":{"line":21,"column":36},"end":{"line":21,"column":48}},"9":{"start":{"line":22,"column":28},"end":{"line":22,"column":72}},"10":{"start":{"line":23,"column":8},"end":{"line":23,"column":70}},"11":{"start":{"line":23,"column":26},"end":{"line":23,"column":70}},"12":{"start":{"line":24,"column":8},"end":{"line":32,"column":null}},"13":{"start":{"line":25,"column":28},"end":{"line":28,"column":14}},"14":{"start":{"line":29,"column":12},"end":{"line":29,"column":34}},"15":{"start":{"line":31,"column":12},"end":{"line":31,"column":64}}},"fnMap":{"0":{"name":"(anonymous_1)","decl":{"start":{"line":16,"column":4},"end":{"line":16,"column":9}},"loc":{"start":{"line":16,"column":39},"end":{"line":33,"column":5}}}},"branchMap":{"0":{"loc":{"start":{"line":18,"column":8},"end":{"line":20,"column":null}},"type":"if","locations":[{"start":{"line":18,"column":8},"end":{"line":20,"column":null}},{"start":{"line":18,"column":8},"end":{"line":20,"column":null}}]},"1":{"loc":{"start":{"line":23,"column":8},"end":{"line":23,"column":70}},"type":"if","locations":[{"start":{"line":23,"column":8},"end":{"line":23,"column":70}},{"start":{"line":23,"column":8},"end":{"line":23,"column":70}}]},"2":{"loc":{"start":{"line":24,"column":8},"end":{"line":32,"column":null}},"type":"if","locations":[{"start":{"line":24,"column":8},"end":{"line":32,"column":null}},{"start":{"line":24,"column":8},"end":{"line":32,"column":null}}]}},"s":{"0":1,"1":1,"2":1,"3":1,"4":1,"5":0,"6":0,"7":0,"8":0,"9":0,"10":0,"11":0,"12":0,"13":0,"14":0,"15":0},"f":{"0":0},"b":{"0":[0,0],"1":[0,0],"2":[0,0]}}
,"/Users/antoinehurard/Desktop/emrs/emrs-safe-backend/src/schema/mutation/addDashboard.ts": {"path":"/Users/antoinehurard/Desktop/emrs/emrs-safe-backend/src/schema/mutation/addDashboard.ts","statementMap":{"0":{"start":{"line":1,"column":0},"end":{"line":1,"column":70}},"1":{"start":{"line":2,"column":0},"end":{"line":2,"column":40}},"2":{"start":{"line":3,"column":0},"end":{"line":3,"column":41}},"3":{"start":{"line":5,"column":0},"end":{"line":5,"column":41}},"4":{"start":{"line":7,"column":0},"end":{"line":34,"column":null}},"5":{"start":{"line":16,"column":21},"end":{"line":16,"column":33}},"6":{"start":{"line":17,"column":8},"end":{"line":19,"column":null}},"7":{"start":{"line":18,"column":12},"end":{"line":18,"column":57}},"8":{"start":{"line":20,"column":36},"end":{"line":20,"column":48}},"9":{"start":{"line":21,"column":8},"end":{"line":32,"column":null}},"10":{"start":{"line":22,"column":12},"end":{"line":28,"column":null}},"11":{"start":{"line":23,"column":34},"end":{"line":26,"column":18}},"12":{"start":{"line":27,"column":16},"end":{"line":27,"column":40}},"13":{"start":{"line":29,"column":12},"end":{"line":29,"column":72}},"14":{"start":{"line":31,"column":12},"end":{"line":31,"column":64}}},"fnMap":{"0":{"name":"(anonymous_1)","decl":{"start":{"line":15,"column":4},"end":{"line":15,"column":11}},"loc":{"start":{"line":15,"column":33},"end":{"line":33,"column":5}}}},"branchMap":{"0":{"loc":{"start":{"line":17,"column":8},"end":{"line":19,"column":null}},"type":"if","locations":[{"start":{"line":17,"column":8},"end":{"line":19,"column":null}},{"start":{"line":17,"column":8},"end":{"line":19,"column":null}}]},"1":{"loc":{"start":{"line":21,"column":8},"end":{"line":32,"column":null}},"type":"if","locations":[{"start":{"line":21,"column":8},"end":{"line":32,"column":null}},{"start":{"line":21,"column":8},"end":{"line":32,"column":null}}]},"2":{"loc":{"start":{"line":22,"column":12},"end":{"line":28,"column":null}},"type":"if","locations":[{"start":{"line":22,"column":12},"end":{"line":28,"column":null}},{"start":{"line":22,"column":12},"end":{"line":28,"column":null}}]}},"s":{"0":1,"1":1,"2":1,"3":1,"4":1,"5":0,"6":0,"7":0,"8":0,"9":0,"10":0,"11":0,"12":0,"13":0,"14":0},"f":{"0":0},"b":{"0":[0,0],"1":[0,0],"2":[0,0]}}
,"/Users/antoinehurard/Desktop/emrs/emrs-safe-backend/src/schema/mutation/addForm.ts": {"path":"/Users/antoinehurard/Desktop/emrs/emrs-safe-backend/src/schema/mutation/addForm.ts","statementMap":{"0":{"start":{"line":1,"column":0},"end":{"line":1,"column":97}},"1":{"start":{"line":2,"column":0},"end":{"line":2,"column":40}},"2":{"start":{"line":3,"column":0},"end":{"line":3,"column":52}},"3":{"start":{"line":4,"column":0},"end":{"line":4,"column":46}},"4":{"start":{"line":5,"column":0},"end":{"line":5,"column":48}},"5":{"start":{"line":6,"column":0},"end":{"line":6,"column":36}},"6":{"start":{"line":8,"column":0},"end":{"line":8,"column":50}},"7":{"start":{"line":10,"column":0},"end":{"line":111,"column":null}},"8":{"start":{"line":19,"column":21},"end":{"line":19,"column":33}},"9":{"start":{"line":20,"column":8},"end":{"line":22,"column":null}},"10":{"start":{"line":21,"column":12},"end":{"line":21,"column":57}},"11":{"start":{"line":23,"column":36},"end":{"line":23,"column":48}},"12":{"start":{"line":24,"column":8},"end":{"line":24,"column":32}},"13":{"start":{"line":25,"column":8},"end":{"line":27,"column":null}},"14":{"start":{"line":26,"column":12},"end":{"line":26,"column":67}},"15":{"start":{"line":28,"column":8},"end":{"line":30,"column":null}},"16":{"start":{"line":29,"column":12},"end":{"line":29,"column":64}},"17":{"start":{"line":31,"column":8},"end":{"line":109,"column":null}},"18":{"start":{"line":32,"column":12},"end":{"line":106,"column":null}},"19":{"start":{"line":33,"column":16},"end":{"line":84,"column":null}},"20":{"start":{"line":34,"column":40},"end":{"line":39,"column":22}},"21":{"start":{"line":40,"column":37},"end":{"line":44,"column":22}},"22":{"start":{"line":45,"column":20},"end":{"line":45,"column":42}},"23":{"start":{"line":46,"column":20},"end":{"line":50,"column":50}},"24":{"start":{"line":51,"column":33},"end":{"line":58,"column":22}},"25":{"start":{"line":59,"column":20},"end":{"line":59,"column":38}},"26":{"start":{"line":60,"column":20},"end":{"line":60,"column":33}},"27":{"start":{"line":61,"column":20},"end":{"line":61,"column":32}},"28":{"start":{"line":63,"column":37},"end":{"line":63,"column":75}},"29":{"start":{"line":64,"column":37},"end":{"line":64,"column":96}},"30":{"start":{"line":65,"column":33},"end":{"line":65,"column":48}},"31":{"start":{"line":66,"column":36},"end":{"line":66,"column":54}},"32":{"start":{"line":67,"column":20},"end":{"line":71,"column":null}},"33":{"start":{"line":68,"column":45},"end":{"line":68,"column":112}},"34":{"start":{"line":69,"column":24},"end":{"line":69,"column":77}},"35":{"start":{"line":69,"column":42},"end":{"line":69,"column":77}},"36":{"start":{"line":70,"column":24},"end":{"line":70,"column":89}},"37":{"start":{"line":70,"column":60},"end":{"line":70,"column":89}},"38":{"start":{"line":72,"column":33},"end":{"line":80,"column":22}},"39":{"start":{"line":81,"column":20},"end":{"line":81,"column":38}},"40":{"start":{"line":82,"column":20},"end":{"line":82,"column":33}},"41":{"start":{"line":83,"column":20},"end":{"line":83,"column":32}},"42":{"start":{"line":87,"column":36},"end":{"line":96,"column":18}},"43":{"start":{"line":97,"column":29},"end":{"line":102,"column":18}},"44":{"start":{"line":103,"column":16},"end":{"line":103,"column":34}},"45":{"start":{"line":104,"column":16},"end":{"line":104,"column":29}},"46":{"start":{"line":105,"column":16},"end":{"line":105,"column":28}},"47":{"start":{"line":108,"column":12},"end":{"line":108,"column":62}}},"fnMap":{"0":{"name":"(anonymous_1)","decl":{"start":{"line":18,"column":4},"end":{"line":18,"column":9}},"loc":{"start":{"line":18,"column":39},"end":{"line":110,"column":5}}}},"branchMap":{"0":{"loc":{"start":{"line":20,"column":8},"end":{"line":22,"column":null}},"type":"if","locations":[{"start":{"line":20,"column":8},"end":{"line":22,"column":null}},{"start":{"line":20,"column":8},"end":{"line":22,"column":null}}]},"1":{"loc":{"start":{"line":25,"column":8},"end":{"line":27,"column":null}},"type":"if","locations":[{"start":{"line":25,"column":8},"end":{"line":27,"column":null}},{"start":{"line":25,"column":8},"end":{"line":27,"column":null}}]},"2":{"loc":{"start":{"line":25,"column":12},"end":{"line":25,"column":28}},"type":"binary-expr","locations":[{"start":{"line":25,"column":12},"end":{"line":25,"column":28}},{"start":{"line":25,"column":32},"end":{"line":25,"column":45}}]},"3":{"loc":{"start":{"line":28,"column":8},"end":{"line":30,"column":null}},"type":"if","locations":[{"start":{"line":28,"column":8},"end":{"line":30,"column":null}},{"start":{"line":28,"column":8},"end":{"line":30,"column":null}}]},"4":{"loc":{"start":{"line":32,"column":12},"end":{"line":106,"column":null}},"type":"if","locations":[{"start":{"line":32,"column":12},"end":{"line":106,"column":null}},{"start":{"line":32,"column":12},"end":{"line":106,"column":null}}]},"5":{"loc":{"start":{"line":32,"column":16},"end":{"line":32,"column":29}},"type":"binary-expr","locations":[{"start":{"line":32,"column":16},"end":{"line":32,"column":29}},{"start":{"line":32,"column":33},"end":{"line":32,"column":49}}]},"6":{"loc":{"start":{"line":33,"column":16},"end":{"line":84,"column":null}},"type":"if","locations":[{"start":{"line":33,"column":16},"end":{"line":84,"column":null}},{"start":{"line":33,"column":16},"end":{"line":84,"column":null}}]},"7":{"loc":{"start":{"line":67,"column":20},"end":{"line":71,"column":null}},"type":"if","locations":[{"start":{"line":67,"column":20},"end":{"line":71,"column":null}},{"start":{"line":67,"column":20},"end":{"line":71,"column":null}}]},"8":{"loc":{"start":{"line":69,"column":24},"end":{"line":69,"column":77}},"type":"if","locations":[{"start":{"line":69,"column":24},"end":{"line":69,"column":77}},{"start":{"line":69,"column":24},"end":{"line":69,"column":77}}]},"9":{"loc":{"start":{"line":70,"column":24},"end":{"line":70,"column":89}},"type":"if","locations":[{"start":{"line":70,"column":24},"end":{"line":70,"column":89}},{"start":{"line":70,"column":24},"end":{"line":70,"column":89}}]}},"s":{"0":1,"1":1,"2":1,"3":1,"4":1,"5":1,"6":1,"7":1,"8":0,"9":0,"10":0,"11":0,"12":0,"13":0,"14":0,"15":0,"16":0,"17":0,"18":0,"19":0,"20":0,"21":0,"22":0,"23":0,"24":0,"25":0,"26":0,"27":0,"28":0,"29":0,"30":0,"31":0,"32":0,"33":0,"34":0,"35":0,"36":0,"37":0,"38":0,"39":0,"40":0,"41":0,"42":0,"43":0,"44":0,"45":0,"46":0,"47":0},"f":{"0":0},"b":{"0":[0,0],"1":[0,0],"2":[0,0],"3":[0,0],"4":[0,0],"5":[0,0],"6":[0,0],"7":[0,0],"8":[0,0],"9":[0,0]}}
,"/Users/antoinehurard/Desktop/emrs/emrs-safe-backend/src/schema/mutation/addPage.ts": {"path":"/Users/antoinehurard/Desktop/emrs/emrs-safe-backend/src/schema/mutation/addPage.ts","statementMap":{"0":{"start":{"line":1,"column":0},"end":{"line":1,"column":81}},"1":{"start":{"line":2,"column":0},"end":{"line":2,"column":52}},"2":{"start":{"line":3,"column":0},"end":{"line":3,"column":40}},"3":{"start":{"line":4,"column":0},"end":{"line":4,"column":82}},"4":{"start":{"line":6,"column":0},"end":{"line":6,"column":36}},"5":{"start":{"line":8,"column":0},"end":{"line":93,"column":null}},"6":{"start":{"line":21,"column":21},"end":{"line":21,"column":33}},"7":{"start":{"line":22,"column":8},"end":{"line":24,"column":null}},"8":{"start":{"line":23,"column":12},"end":{"line":23,"column":57}},"9":{"start":{"line":25,"column":36},"end":{"line":25,"column":48}},"10":{"start":{"line":26,"column":8},"end":{"line":91,"column":null}},"11":{"start":{"line":27,"column":12},"end":{"line":27,"column":67}},"12":{"start":{"line":29,"column":32},"end":{"line":29,"column":76}},"13":{"start":{"line":30,"column":12},"end":{"line":30,"column":74}},"14":{"start":{"line":30,"column":30},"end":{"line":30,"column":74}},"15":{"start":{"line":31,"column":12},"end":{"line":90,"column":null}},"16":{"start":{"line":33,"column":30},"end":{"line":33,"column":42}},"17":{"start":{"line":34,"column":16},"end":{"line":62,"column":null}},"18":{"start":{"line":36,"column":41},"end":{"line":39,"column":26}},"19":{"start":{"line":40,"column":24},"end":{"line":40,"column":46}},"20":{"start":{"line":41,"column":24},"end":{"line":41,"column":47}},"21":{"start":{"line":42,"column":24},"end":{"line":42,"column":30}},"22":{"start":{"line":45,"column":42},"end":{"line":48,"column":26}},"23":{"start":{"line":49,"column":24},"end":{"line":49,"column":47}},"24":{"start":{"line":50,"column":24},"end":{"line":50,"column":48}},"25":{"start":{"line":51,"column":24},"end":{"line":51,"column":30}},"26":{"start":{"line":54,"column":37},"end":{"line":54,"column":65}},"27":{"start":{"line":55,"column":24},"end":{"line":57,"column":null}},"28":{"start":{"line":56,"column":28},"end":{"line":56,"column":72}},"29":{"start":{"line":58,"column":24},"end":{"line":58,"column":30}},"30":{"start":{"line":61,"column":24},"end":{"line":61,"column":30}},"31":{"start":{"line":64,"column":30},"end":{"line":64,"column":79}},"32":{"start":{"line":65,"column":29},"end":{"line":76,"column":18}},"33":{"start":{"line":71,"column":47},"end":{"line":71,"column":51}},"34":{"start":{"line":77,"column":16},"end":{"line":77,"column":34}},"35":{"start":{"line":79,"column":31},"end":{"line":82,"column":18}},"36":{"start":{"line":83,"column":16},"end":{"line":86,"column":18}},"37":{"start":{"line":87,"column":16},"end":{"line":87,"column":28}},"38":{"start":{"line":89,"column":16},"end":{"line":89,"column":68}}},"fnMap":{"0":{"name":"(anonymous_1)","decl":{"start":{"line":20,"column":4},"end":{"line":20,"column":9}},"loc":{"start":{"line":20,"column":39},"end":{"line":92,"column":5}}},"1":{"name":"(anonymous_2)","decl":{"start":{"line":71,"column":42},"end":{"line":71,"column":43}},"loc":{"start":{"line":71,"column":47},"end":{"line":71,"column":51}}}},"branchMap":{"0":{"loc":{"start":{"line":22,"column":8},"end":{"line":24,"column":null}},"type":"if","locations":[{"start":{"line":22,"column":8},"end":{"line":24,"column":null}},{"start":{"line":22,"column":8},"end":{"line":24,"column":null}}]},"1":{"loc":{"start":{"line":26,"column":8},"end":{"line":91,"column":null}},"type":"if","locations":[{"start":{"line":26,"column":8},"end":{"line":91,"column":null}},{"start":{"line":26,"column":8},"end":{"line":91,"column":null}}]},"2":{"loc":{"start":{"line":26,"column":12},"end":{"line":26,"column":29}},"type":"binary-expr","locations":[{"start":{"line":26,"column":12},"end":{"line":26,"column":29}},{"start":{"line":26,"column":33},"end":{"line":26,"column":60}}]},"3":{"loc":{"start":{"line":30,"column":12},"end":{"line":30,"column":74}},"type":"if","locations":[{"start":{"line":30,"column":12},"end":{"line":30,"column":74}},{"start":{"line":30,"column":12},"end":{"line":30,"column":74}}]},"4":{"loc":{"start":{"line":31,"column":12},"end":{"line":90,"column":null}},"type":"if","locations":[{"start":{"line":31,"column":12},"end":{"line":90,"column":null}},{"start":{"line":31,"column":12},"end":{"line":90,"column":null}}]},"5":{"loc":{"start":{"line":35,"column":20},"end":{"line":43,"column":null}},"type":"switch","locations":[{"start":{"line":35,"column":20},"end":{"line":43,"column":null}},{"start":{"line":44,"column":20},"end":{"line":52,"column":null}},{"start":{"line":53,"column":20},"end":{"line":59,"column":null}},{"start":{"line":60,"column":20},"end":{"line":61,"column":30}}]},"6":{"loc":{"start":{"line":55,"column":24},"end":{"line":57,"column":null}},"type":"if","locations":[{"start":{"line":55,"column":24},"end":{"line":57,"column":null}},{"start":{"line":55,"column":24},"end":{"line":57,"column":null}}]}},"s":{"0":1,"1":1,"2":1,"3":1,"4":1,"5":1,"6":0,"7":0,"8":0,"9":0,"10":0,"11":0,"12":0,"13":0,"14":0,"15":0,"16":0,"17":0,"18":0,"19":0,"20":0,"21":0,"22":0,"23":0,"24":0,"25":0,"26":0,"27":0,"28":0,"29":0,"30":0,"31":0,"32":0,"33":0,"34":0,"35":0,"36":0,"37":0,"38":0},"f":{"0":0,"1":0},"b":{"0":[0,0],"1":[0,0],"2":[0,0],"3":[0,0],"4":[0,0],"5":[0,0,0,0],"6":[0,0]}}
,"/Users/antoinehurard/Desktop/emrs/emrs-safe-backend/src/schema/mutation/addPositionAttribute.ts": {"path":"/Users/antoinehurard/Desktop/emrs/emrs-safe-backend/src/schema/mutation/addPositionAttribute.ts","statementMap":{"0":{"start":{"line":1,"column":0},"end":{"line":1,"column":70}},"1":{"start":{"line":2,"column":0},"end":{"line":2,"column":40}},"2":{"start":{"line":3,"column":0},"end":{"line":3,"column":82}},"3":{"start":{"line":5,"column":0},"end":{"line":5,"column":74}},"4":{"start":{"line":6,"column":0},"end":{"line":6,"column":36}},"5":{"start":{"line":8,"column":0},"end":{"line":43,"column":null}},"6":{"start":{"line":15,"column":21},"end":{"line":15,"column":33}},"7":{"start":{"line":16,"column":8},"end":{"line":18,"column":null}},"8":{"start":{"line":17,"column":12},"end":{"line":17,"column":57}},"9":{"start":{"line":19,"column":36},"end":{"line":19,"column":48}},"10":{"start":{"line":20,"column":25},"end":{"line":20,"column":122}},"11":{"start":{"line":21,"column":8},"end":{"line":21,"column":67}},"12":{"start":{"line":21,"column":23},"end":{"line":21,"column":67}},"13":{"start":{"line":22,"column":8},"end":{"line":24,"column":null}},"14":{"start":{"line":23,"column":12},"end":{"line":23,"column":64}},"15":{"start":{"line":25,"column":27},"end":{"line":25,"column":57}},"16":{"start":{"line":26,"column":8},"end":{"line":41,"column":null}},"17":{"start":{"line":27,"column":38},"end":{"line":27,"column":83}},"18":{"start":{"line":28,"column":12},"end":{"line":37,"column":15}},"19":{"start":{"line":38,"column":12},"end":{"line":38,"column":32}},"20":{"start":{"line":40,"column":12},"end":{"line":40,"column":56}}},"fnMap":{"0":{"name":"(anonymous_1)","decl":{"start":{"line":14,"column":4},"end":{"line":14,"column":9}},"loc":{"start":{"line":14,"column":39},"end":{"line":42,"column":5}}}},"branchMap":{"0":{"loc":{"start":{"line":16,"column":8},"end":{"line":18,"column":null}},"type":"if","locations":[{"start":{"line":16,"column":8},"end":{"line":18,"column":null}},{"start":{"line":16,"column":8},"end":{"line":18,"column":null}}]},"1":{"loc":{"start":{"line":21,"column":8},"end":{"line":21,"column":67}},"type":"if","locations":[{"start":{"line":21,"column":8},"end":{"line":21,"column":67}},{"start":{"line":21,"column":8},"end":{"line":21,"column":67}}]},"2":{"loc":{"start":{"line":22,"column":8},"end":{"line":24,"column":null}},"type":"if","locations":[{"start":{"line":22,"column":8},"end":{"line":24,"column":null}},{"start":{"line":22,"column":8},"end":{"line":24,"column":null}}]},"3":{"loc":{"start":{"line":26,"column":8},"end":{"line":41,"column":null}},"type":"if","locations":[{"start":{"line":26,"column":8},"end":{"line":41,"column":null}},{"start":{"line":26,"column":8},"end":{"line":41,"column":null}}]}},"s":{"0":1,"1":1,"2":1,"3":1,"4":1,"5":1,"6":0,"7":0,"8":0,"9":0,"10":0,"11":0,"12":0,"13":0,"14":0,"15":0,"16":0,"17":0,"18":0,"19":0,"20":0},"f":{"0":0},"b":{"0":[0,0],"1":[0,0],"2":[0,0],"3":[0,0]}}
,"/Users/antoinehurard/Desktop/emrs/emrs-safe-backend/src/schema/mutation/addPositionAttributeCategory.ts": {"path":"/Users/antoinehurard/Desktop/emrs/emrs-safe-backend/src/schema/mutation/addPositionAttributeCategory.ts","statementMap":{"0":{"start":{"line":1,"column":0},"end":{"line":1,"column":81}},"1":{"start":{"line":2,"column":0},"end":{"line":2,"column":40}},"2":{"start":{"line":3,"column":0},"end":{"line":3,"column":70}},"3":{"start":{"line":5,"column":0},"end":{"line":5,"column":57}},"4":{"start":{"line":7,"column":0},"end":{"line":31,"column":null}},"5":{"start":{"line":14,"column":21},"end":{"line":14,"column":33}},"6":{"start":{"line":15,"column":8},"end":{"line":17,"column":null}},"7":{"start":{"line":16,"column":12},"end":{"line":16,"column":57}},"8":{"start":{"line":18,"column":36},"end":{"line":18,"column":48}},"9":{"start":{"line":19,"column":28},"end":{"line":19,"column":72}},"10":{"start":{"line":20,"column":8},"end":{"line":20,"column":70}},"11":{"start":{"line":20,"column":26},"end":{"line":20,"column":70}},"12":{"start":{"line":21,"column":8},"end":{"line":29,"column":null}},"13":{"start":{"line":22,"column":29},"end":{"line":25,"column":14}},"14":{"start":{"line":26,"column":12},"end":{"line":26,"column":35}},"15":{"start":{"line":28,"column":12},"end":{"line":28,"column":64}}},"fnMap":{"0":{"name":"(anonymous_1)","decl":{"start":{"line":13,"column":4},"end":{"line":13,"column":9}},"loc":{"start":{"line":13,"column":39},"end":{"line":30,"column":5}}}},"branchMap":{"0":{"loc":{"start":{"line":15,"column":8},"end":{"line":17,"column":null}},"type":"if","locations":[{"start":{"line":15,"column":8},"end":{"line":17,"column":null}},{"start":{"line":15,"column":8},"end":{"line":17,"column":null}}]},"1":{"loc":{"start":{"line":20,"column":8},"end":{"line":20,"column":70}},"type":"if","locations":[{"start":{"line":20,"column":8},"end":{"line":20,"column":70}},{"start":{"line":20,"column":8},"end":{"line":20,"column":70}}]},"2":{"loc":{"start":{"line":21,"column":8},"end":{"line":29,"column":null}},"type":"if","locations":[{"start":{"line":21,"column":8},"end":{"line":29,"column":null}},{"start":{"line":21,"column":8},"end":{"line":29,"column":null}}]}},"s":{"0":1,"1":1,"2":1,"3":1,"4":1,"5":0,"6":0,"7":0,"8":0,"9":0,"10":0,"11":0,"12":0,"13":0,"14":0,"15":0},"f":{"0":0},"b":{"0":[0,0],"1":[0,0],"2":[0,0]}}
,"/Users/antoinehurard/Desktop/emrs/emrs-safe-backend/src/schema/mutation/addPullJob.ts": {"path":"/Users/antoinehurard/Desktop/emrs/emrs-safe-backend/src/schema/mutation/addPullJob.ts","statementMap":{"0":{"start":{"line":1,"column":0},"end":{"line":1,"column":81}},"1":{"start":{"line":2,"column":0},"end":{"line":2,"column":32}},"2":{"start":{"line":3,"column":0},"end":{"line":3,"column":39}},"3":{"start":{"line":4,"column":0},"end":{"line":4,"column":40}},"4":{"start":{"line":5,"column":0},"end":{"line":5,"column":47}},"5":{"start":{"line":6,"column":0},"end":{"line":6,"column":66}},"6":{"start":{"line":8,"column":0},"end":{"line":8,"column":55}},"7":{"start":{"line":9,"column":0},"end":{"line":9,"column":44}},"8":{"start":{"line":10,"column":0},"end":{"line":10,"column":75}},"9":{"start":{"line":12,"column":0},"end":{"line":82,"column":null}},"10":{"start":{"line":27,"column":21},"end":{"line":27,"column":33}},"11":{"start":{"line":28,"column":8},"end":{"line":30,"column":null}},"12":{"start":{"line":29,"column":12},"end":{"line":29,"column":57}},"13":{"start":{"line":31,"column":36},"end":{"line":31,"column":48}},"14":{"start":{"line":32,"column":28},"end":{"line":32,"column":72}},"15":{"start":{"line":33,"column":8},"end":{"line":33,"column":70}},"16":{"start":{"line":33,"column":26},"end":{"line":33,"column":70}},"17":{"start":{"line":35,"column":8},"end":{"line":38,"column":null}},"18":{"start":{"line":36,"column":25},"end":{"line":36,"column":60}},"19":{"start":{"line":37,"column":12},"end":{"line":37,"column":67}},"20":{"start":{"line":37,"column":23},"end":{"line":37,"column":67}},"21":{"start":{"line":40,"column":8},"end":{"line":47,"column":null}},"22":{"start":{"line":41,"column":28},"end":{"line":44,"column":14}},"23":{"start":{"line":45,"column":28},"end":{"line":45,"column":58}},"24":{"start":{"line":46,"column":12},"end":{"line":46,"column":70}},"25":{"start":{"line":46,"column":26},"end":{"line":46,"column":70}},"26":{"start":{"line":50,"column":24},"end":{"line":58,"column":10}},"27":{"start":{"line":59,"column":8},"end":{"line":59,"column":29}},"28":{"start":{"line":62,"column":23},"end":{"line":65,"column":10}},"29":{"start":{"line":66,"column":24},"end":{"line":66,"column":110}},"30":{"start":{"line":67,"column":8},"end":{"line":70,"column":10}},"31":{"start":{"line":71,"column":8},"end":{"line":79,"column":null}},"32":{"start":{"line":72,"column":32},"end":{"line":75,"column":14}},"33":{"start":{"line":76,"column":12},"end":{"line":76,"column":37}},"34":{"start":{"line":78,"column":12},"end":{"line":78,"column":35}},"35":{"start":{"line":80,"column":8},"end":{"line":80,"column":23}}},"fnMap":{"0":{"name":"(anonymous_1)","decl":{"start":{"line":26,"column":4},"end":{"line":26,"column":9}},"loc":{"start":{"line":26,"column":39},"end":{"line":81,"column":5}}}},"branchMap":{"0":{"loc":{"start":{"line":28,"column":8},"end":{"line":30,"column":null}},"type":"if","locations":[{"start":{"line":28,"column":8},"end":{"line":30,"column":null}},{"start":{"line":28,"column":8},"end":{"line":30,"column":null}}]},"1":{"loc":{"start":{"line":33,"column":8},"end":{"line":33,"column":70}},"type":"if","locations":[{"start":{"line":33,"column":8},"end":{"line":33,"column":70}},{"start":{"line":33,"column":8},"end":{"line":33,"column":70}}]},"2":{"loc":{"start":{"line":35,"column":8},"end":{"line":38,"column":null}},"type":"if","locations":[{"start":{"line":35,"column":8},"end":{"line":38,"column":null}},{"start":{"line":35,"column":8},"end":{"line":38,"column":null}}]},"3":{"loc":{"start":{"line":37,"column":12},"end":{"line":37,"column":67}},"type":"if","locations":[{"start":{"line":37,"column":12},"end":{"line":37,"column":67}},{"start":{"line":37,"column":12},"end":{"line":37,"column":67}}]},"4":{"loc":{"start":{"line":40,"column":8},"end":{"line":47,"column":null}},"type":"if","locations":[{"start":{"line":40,"column":8},"end":{"line":47,"column":null}},{"start":{"line":40,"column":8},"end":{"line":47,"column":null}}]},"5":{"loc":{"start":{"line":46,"column":12},"end":{"line":46,"column":70}},"type":"if","locations":[{"start":{"line":46,"column":12},"end":{"line":46,"column":70}},{"start":{"line":46,"column":12},"end":{"line":46,"column":70}}]},"6":{"loc":{"start":{"line":71,"column":8},"end":{"line":79,"column":null}},"type":"if","locations":[{"start":{"line":71,"column":8},"end":{"line":79,"column":null}},{"start":{"line":71,"column":8},"end":{"line":79,"column":null}}]}},"s":{"0":1,"1":1,"2":1,"3":1,"4":1,"5":1,"6":1,"7":1,"8":1,"9":1,"10":0,"11":0,"12":0,"13":0,"14":0,"15":0,"16":0,"17":0,"18":0,"19":0,"20":0,"21":0,"22":0,"23":0,"24":0,"25":0,"26":0,"27":0,"28":0,"29":0,"30":0,"31":0,"32":0,"33":0,"34":0,"35":0},"f":{"0":0},"b":{"0":[0,0],"1":[0,0],"2":[0,0],"3":[0,0],"4":[0,0],"5":[0,0],"6":[0,0]}}
,"/Users/antoinehurard/Desktop/emrs/emrs-safe-backend/src/schema/mutation/addRecord.ts": {"path":"/Users/antoinehurard/Desktop/emrs/emrs-safe-backend/src/schema/mutation/addRecord.ts","statementMap":{"0":{"start":{"line":1,"column":0},"end":{"line":1,"column":79}},"1":{"start":{"line":2,"column":0},"end":{"line":2,"column":44}},"2":{"start":{"line":3,"column":0},"end":{"line":3,"column":40}},"3":{"start":{"line":4,"column":0},"end":{"line":4,"column":38}},"4":{"start":{"line":5,"column":0},"end":{"line":5,"column":67}},"5":{"start":{"line":6,"column":0},"end":{"line":6,"column":58}},"6":{"start":{"line":8,"column":0},"end":{"line":8,"column":32}},"7":{"start":{"line":9,"column":0},"end":{"line":9,"column":41}},"8":{"start":{"line":10,"column":0},"end":{"line":10,"column":54}},"9":{"start":{"line":11,"column":0},"end":{"line":11,"column":51}},"10":{"start":{"line":13,"column":0},"end":{"line":87,"column":null}},"11":{"start":{"line":26,"column":21},"end":{"line":26,"column":33}},"12":{"start":{"line":27,"column":8},"end":{"line":27,"column":null}},"13":{"start":{"line":27,"column":21},"end":{"line":27,"column":66}},"14":{"start":{"line":30,"column":36},"end":{"line":30,"column":48}},"15":{"start":{"line":31,"column":21},"end":{"line":31,"column":51}},"16":{"start":{"line":32,"column":8},"end":{"line":32,"column":63}},"17":{"start":{"line":32,"column":19},"end":{"line":32,"column":63}},"18":{"start":{"line":33,"column":24},"end":{"line":33,"column":29}},"19":{"start":{"line":34,"column":8},"end":{"line":39,"column":null}},"20":{"start":{"line":35,"column":12},"end":{"line":35,"column":29}},"21":{"start":{"line":37,"column":26},"end":{"line":37,"column":77}},"22":{"start":{"line":37,"column":46},"end":{"line":37,"column":76}},"23":{"start":{"line":38,"column":12},"end":{"line":38,"column":141}},"24":{"start":{"line":38,"column":115},"end":{"line":38,"column":132}},"25":{"start":{"line":41,"column":8},"end":{"line":47,"column":null}},"26":{"start":{"line":42,"column":34},"end":{"line":42,"column":94}},"27":{"start":{"line":43,"column":12},"end":{"line":46,"column":null}},"28":{"start":{"line":44,"column":50},"end":{"line":44,"column":116}},"29":{"start":{"line":45,"column":16},"end":{"line":45,"column":55}},"30":{"start":{"line":48,"column":8},"end":{"line":85,"column":null}},"31":{"start":{"line":49,"column":12},"end":{"line":49,"column":58}},"32":{"start":{"line":50,"column":27},"end":{"line":66,"column":14}},"33":{"start":{"line":58,"column":47},"end":{"line":58,"column":52}},"34":{"start":{"line":60,"column":24},"end":{"line":63,"column":null}},"35":{"start":{"line":68,"column":28},"end":{"line":68,"column":69}},"36":{"start":{"line":69,"column":12},"end":{"line":80,"column":null}},"37":{"start":{"line":70,"column":37},"end":{"line":76,"column":18}},"38":{"start":{"line":77,"column":16},"end":{"line":77,"column":42}},"39":{"start":{"line":78,"column":34},"end":{"line":78,"column":48}},"40":{"start":{"line":79,"column":16},"end":{"line":79,"column":64}},"41":{"start":{"line":81,"column":12},"end":{"line":81,"column":32}},"42":{"start":{"line":82,"column":12},"end":{"line":82,"column":26}},"43":{"start":{"line":84,"column":12},"end":{"line":84,"column":64}}},"fnMap":{"0":{"name":"(anonymous_1)","decl":{"start":{"line":24,"column":4},"end":{"line":24,"column":9}},"loc":{"start":{"line":24,"column":39},"end":{"line":86,"column":5}}},"1":{"name":"(anonymous_2)","decl":{"start":{"line":37,"column":41},"end":{"line":37,"column":42}},"loc":{"start":{"line":37,"column":46},"end":{"line":37,"column":76}}},"2":{"name":"(anonymous_3)","decl":{"start":{"line":38,"column":110},"end":{"line":38,"column":111}},"loc":{"start":{"line":38,"column":115},"end":{"line":38,"column":132}}},"3":{"name":"(anonymous_4)","decl":{"start":{"line":58,"column":42},"end":{"line":58,"column":43}},"loc":{"start":{"line":58,"column":47},"end":{"line":58,"column":52}}},"4":{"name":"(anonymous_5)","decl":{"start":{"line":59,"column":68},"end":{"line":59,"column":69}},"loc":{"start":{"line":59,"column":72},"end":{"line":64,"column":21}}}},"branchMap":{"0":{"loc":{"start":{"line":27,"column":8},"end":{"line":27,"column":null}},"type":"if","locations":[{"start":{"line":27,"column":8},"end":{"line":27,"column":null}},{"start":{"line":27,"column":8},"end":{"line":27,"column":null}}]},"1":{"loc":{"start":{"line":32,"column":8},"end":{"line":32,"column":63}},"type":"if","locations":[{"start":{"line":32,"column":8},"end":{"line":32,"column":63}},{"start":{"line":32,"column":8},"end":{"line":32,"column":63}}]},"2":{"loc":{"start":{"line":34,"column":8},"end":{"line":39,"column":null}},"type":"if","locations":[{"start":{"line":34,"column":8},"end":{"line":39,"column":null}},{"start":{"line":34,"column":8},"end":{"line":39,"column":null}}]},"3":{"loc":{"start":{"line":38,"column":71},"end":{"line":38,"column":133}},"type":"cond-expr","locations":[{"start":{"line":38,"column":71},"end":{"line":38,"column":133}},{"start":{"line":38,"column":136},"end":{"line":38,"column":140}}]},"4":{"loc":{"start":{"line":41,"column":8},"end":{"line":47,"column":null}},"type":"if","locations":[{"start":{"line":41,"column":8},"end":{"line":47,"column":null}},{"start":{"line":41,"column":8},"end":{"line":47,"column":null}}]},"5":{"loc":{"start":{"line":43,"column":12},"end":{"line":46,"column":null}},"type":"if","locations":[{"start":{"line":43,"column":12},"end":{"line":46,"column":null}},{"start":{"line":43,"column":12},"end":{"line":46,"column":null}}]},"6":{"loc":{"start":{"line":48,"column":8},"end":{"line":85,"column":null}},"type":"if","locations":[{"start":{"line":48,"column":8},"end":{"line":85,"column":null}},{"start":{"line":48,"column":8},"end":{"line":85,"column":null}}]},"7":{"loc":{"start":{"line":55,"column":42},"end":{"line":55,"column":55}},"type":"cond-expr","locations":[{"start":{"line":55,"column":42},"end":{"line":55,"column":55}},{"start":{"line":55,"column":58},"end":{"line":55,"column":62}}]},"8":{"loc":{"start":{"line":69,"column":12},"end":{"line":80,"column":null}},"type":"if","locations":[{"start":{"line":69,"column":12},"end":{"line":80,"column":null}},{"start":{"line":69,"column":12},"end":{"line":80,"column":null}}]}},"s":{"0":1,"1":1,"2":1,"3":1,"4":1,"5":1,"6":1,"7":1,"8":1,"9":1,"10":1,"11":0,"12":0,"13":0,"14":0,"15":0,"16":0,"17":0,"18":0,"19":0,"20":0,"21":0,"22":0,"23":0,"24":0,"25":0,"26":0,"27":0,"28":0,"29":0,"30":0,"31":0,"32":0,"33":0,"34":0,"35":0,"36":0,"37":0,"38":0,"39":0,"40":0,"41":0,"42":0,"43":0},"f":{"0":0,"1":0,"2":0,"3":0,"4":0},"b":{"0":[0,0],"1":[0,0],"2":[0,0],"3":[0,0],"4":[0,0],"5":[0,0],"6":[0,0],"7":[0,0],"8":[0,0]}}
,"/Users/antoinehurard/Desktop/emrs/emrs-safe-backend/src/schema/mutation/addRole.ts": {"path":"/Users/antoinehurard/Desktop/emrs/emrs-safe-backend/src/schema/mutation/addRole.ts","statementMap":{"0":{"start":{"line":1,"column":0},"end":{"line":1,"column":81}},"1":{"start":{"line":2,"column":0},"end":{"line":2,"column":40}},"2":{"start":{"line":3,"column":0},"end":{"line":3,"column":49}},"3":{"start":{"line":5,"column":0},"end":{"line":5,"column":36}},"4":{"start":{"line":7,"column":0},"end":{"line":43,"column":null}},"5":{"start":{"line":17,"column":21},"end":{"line":17,"column":33}},"6":{"start":{"line":18,"column":8},"end":{"line":20,"column":null}},"7":{"start":{"line":19,"column":12},"end":{"line":19,"column":57}},"8":{"start":{"line":21,"column":36},"end":{"line":21,"column":48}},"9":{"start":{"line":22,"column":8},"end":{"line":40,"column":null}},"10":{"start":{"line":23,"column":32},"end":{"line":23,"column":76}},"11":{"start":{"line":24,"column":12},"end":{"line":24,"column":74}},"12":{"start":{"line":24,"column":30},"end":{"line":24,"column":74}},"13":{"start":{"line":25,"column":25},"end":{"line":27,"column":14}},"14":{"start":{"line":28,"column":12},"end":{"line":28,"column":74}},"15":{"start":{"line":28,"column":30},"end":{"line":28,"column":74}},"16":{"start":{"line":29,"column":12},"end":{"line":29,"column":48}},"17":{"start":{"line":30,"column":12},"end":{"line":32,"column":null}},"18":{"start":{"line":31,"column":16},"end":{"line":31,"column":35}},"19":{"start":{"line":34,"column":25},"end":{"line":36,"column":14}},"20":{"start":{"line":37,"column":12},"end":{"line":39,"column":null}},"21":{"start":{"line":38,"column":16},"end":{"line":38,"column":35}},"22":{"start":{"line":41,"column":8},"end":{"line":41,"column":60}}},"fnMap":{"0":{"name":"(anonymous_1)","decl":{"start":{"line":16,"column":4},"end":{"line":16,"column":9}},"loc":{"start":{"line":16,"column":39},"end":{"line":42,"column":5}}}},"branchMap":{"0":{"loc":{"start":{"line":18,"column":8},"end":{"line":20,"column":null}},"type":"if","locations":[{"start":{"line":18,"column":8},"end":{"line":20,"column":null}},{"start":{"line":18,"column":8},"end":{"line":20,"column":null}}]},"1":{"loc":{"start":{"line":22,"column":8},"end":{"line":40,"column":null}},"type":"if","locations":[{"start":{"line":22,"column":8},"end":{"line":40,"column":null}},{"start":{"line":22,"column":8},"end":{"line":40,"column":null}}]},"2":{"loc":{"start":{"line":24,"column":12},"end":{"line":24,"column":74}},"type":"if","locations":[{"start":{"line":24,"column":12},"end":{"line":24,"column":74}},{"start":{"line":24,"column":12},"end":{"line":24,"column":74}}]},"3":{"loc":{"start":{"line":28,"column":12},"end":{"line":28,"column":74}},"type":"if","locations":[{"start":{"line":28,"column":12},"end":{"line":28,"column":74}},{"start":{"line":28,"column":12},"end":{"line":28,"column":74}}]},"4":{"loc":{"start":{"line":30,"column":12},"end":{"line":32,"column":null}},"type":"if","locations":[{"start":{"line":30,"column":12},"end":{"line":32,"column":null}},{"start":{"line":30,"column":12},"end":{"line":32,"column":null}}]},"5":{"loc":{"start":{"line":37,"column":12},"end":{"line":39,"column":null}},"type":"if","locations":[{"start":{"line":37,"column":12},"end":{"line":39,"column":null}},{"start":{"line":37,"column":12},"end":{"line":39,"column":null}}]}},"s":{"0":1,"1":1,"2":1,"3":1,"4":1,"5":0,"6":0,"7":0,"8":0,"9":0,"10":0,"11":0,"12":0,"13":0,"14":0,"15":0,"16":0,"17":0,"18":0,"19":0,"20":0,"21":0,"22":0},"f":{"0":0},"b":{"0":[0,0],"1":[0,0],"2":[0,0],"3":[0,0],"4":[0,0],"5":[0,0]}}
[...]
es.ts": {"path":"/Users/antoinehurard/Desktop/emrs/emrs-safe-backend/src/utils/introspection/getFilterTypes.ts","statementMap":{"0":{"start":{"line":1,"column":0},"end":{"line":1,"column":null}},"1":{"start":{"line":9,"column":0},"end":{"line":9,"column":64}},"2":{"start":{"line":10,"column":0},"end":{"line":10,"column":36}},"3":{"start":{"line":11,"column":0},"end":{"line":11,"column":50}},"4":{"start":{"line":13,"column":24},"end":{"line":30,"column":1}},"5":{"start":{"line":14,"column":24},"end":{"line":14,"column":26}},"6":{"start":{"line":15,"column":4},"end":{"line":28,"column":7}},"7":{"start":{"line":16,"column":26},"end":{"line":16,"column":48}},"8":{"start":{"line":17,"column":8},"end":{"line":27,"column":null}},"9":{"start":{"line":23,"column":12},"end":{"line":23,"column":65}},"10":{"start":{"line":24,"column":12},"end":{"line":24,"column":66}},"11":{"start":{"line":25,"column":12},"end":{"line":25,"column":65}},"12":{"start":{"line":26,"column":12},"end":{"line":26,"column":66}},"13":{"start":{"line":29,"column":4},"end":{"line":29,"column":23}},"14":{"start":{"line":32,"column":0},"end":{"line":53,"column":null}},"15":{"start":{"line":33,"column":4},"end":{"line":52,"column":6}},"16":{"start":{"line":35,"column":12},"end":{"line":49,"column":15}}},"fnMap":{"0":{"name":"(anonymous_1)","decl":{"start":{"line":13,"column":24},"end":{"line":13,"column":25}},"loc":{"start":{"line":13,"column":35},"end":{"line":30,"column":1}}},"1":{"name":"(anonymous_2)","decl":{"start":{"line":15,"column":32},"end":{"line":15,"column":33}},"loc":{"start":{"line":15,"column":46},"end":{"line":28,"column":5}}},"2":{"name":"(anonymous_3)","decl":{"start":{"line":32,"column":15},"end":{"line":32,"column":16}},"loc":{"start":{"line":32,"column":24},"end":{"line":53,"column":1}}},"3":{"name":"(anonymous_4)","decl":{"start":{"line":34,"column":8},"end":{"line":34,"column":9}},"loc":{"start":{"line":34,"column":23},"end":{"line":50,"column":9}}}},"branchMap":{"0":{"loc":{"start":{"line":17,"column":8},"end":{"line":27,"column":null}},"type":"if","locations":[{"start":{"line":17,"column":8},"end":{"line":27,"column":null}},{"start":{"line":17,"column":8},"end":{"line":27,"column":null}}]},"1":{"loc":{"start":{"line":18,"column":12},"end":{"line":18,"column":36}},"type":"binary-expr","locations":[{"start":{"line":18,"column":12},"end":{"line":18,"column":36}},{"start":{"line":19,"column":12},"end":{"line":19,"column":38}},{"start":{"line":20,"column":12},"end":{"line":20,"column":37}},{"start":{"line":21,"column":12},"end":{"line":21,"column":41}}]}},"s":{"0":1,"1":1,"2":1,"3":1,"4":1,"5":0,"6":0,"7":0,"8":0,"9":0,"10":0,"11":0,"12":0,"13":0,"14":1,"15":0,"16":0},"f":{"0":0,"1":0,"2":0,"3":0},"b":{"0":[0,0],"1":[0,0,0,0]}}
,"/Users/antoinehurard/Desktop/emrs/emrs-safe-backend/src/utils/introspection/getMetaTypes.ts": {"path":"/Users/antoinehurard/Desktop/emrs/emrs-safe-backend/src/utils/introspection/getMetaTypes.ts","statementMap":{"0":{"start":{"line":1,"column":0},"end":{"line":1,"column":44}},"1":{"start":{"line":2,"column":0},"end":{"line":2,"column":51}},"2":{"start":{"line":3,"column":0},"end":{"line":3,"column":44}},"3":{"start":{"line":5,"column":0},"end":{"line":12,"column":null}},"4":{"start":{"line":6,"column":4},"end":{"line":11,"column":65}},"5":{"start":{"line":7,"column":24},"end":{"line":10,"column":6}},"6":{"start":{"line":11,"column":30},"end":{"line":11,"column":63}}},"fnMap":{"0":{"name":"(anonymous_0)","decl":{"start":{"line":5,"column":15},"end":{"line":5,"column":16}},"loc":{"start":{"line":5,"column":24},"end":{"line":12,"column":1}}},"1":{"name":"(anonymous_1)","decl":{"start":{"line":7,"column":9},"end":{"line":7,"column":10}},"loc":{"start":{"line":7,"column":24},"end":{"line":10,"column":6}}},"2":{"name":"(anonymous_2)","decl":{"start":{"line":11,"column":9},"end":{"line":11,"column":10}},"loc":{"start":{"line":11,"column":30},"end":{"line":11,"column":63}}}},"branchMap":{},"s":{"0":1,"1":1,"2":1,"3":1,"4":0,"5":0,"6":0},"f":{"0":0,"1":0,"2":0},"b":{}}
,"/Users/antoinehurard/Desktop/emrs/emrs-safe-backend/src/utils/introspection/getSchema.ts": {"path":"/Users/antoinehurard/Desktop/emrs/emrs-safe-backend/src/utils/introspection/getSchema.ts","statementMap":{"0":{"start":{"line":1,"column":0},"end":{"line":1,"column":147}},"1":{"start":{"line":2,"column":0},"end":{"line":2,"column":49}},"2":{"start":{"line":3,"column":0},"end":{"line":3,"column":46}},"3":{"start":{"line":4,"column":0},"end":{"line":4,"column":42}},"4":{"start":{"line":5,"column":0},"end":{"line":5,"column":70}},"5":{"start":{"line":6,"column":0},"end":{"line":6,"column":34}},"6":{"start":{"line":7,"column":0},"end":{"line":7,"column":60}},"7":{"start":{"line":9,"column":0},"end":{"line":121,"column":null}},"8":{"start":{"line":11,"column":18},"end":{"line":11,"column":32}},"9":{"start":{"line":14,"column":24},"end":{"line":17,"column":10}},"10":{"start":{"line":15,"column":8},"end":{"line":15,"column":32}},"11":{"start":{"line":16,"column":8},"end":{"line":16,"column":21}},"12":{"start":{"line":19,"column":30},"end":{"line":19,"column":50}},"13":{"start":{"line":21,"column":22},"end":{"line":21,"column":40}},"14":{"start":{"line":24,"column":28},"end":{"line":27,"column":10}},"15":{"start":{"line":25,"column":8},"end":{"line":25,"column":36}},"16":{"start":{"line":26,"column":8},"end":{"line":26,"column":25}},"17":{"start":{"line":29,"column":22},"end":{"line":58,"column":6}},"18":{"start":{"line":32,"column":12},"end":{"line":37,"column":14}},"19":{"start":{"line":38,"column":12},"end":{"line":47,"column":14}},"20":{"start":{"line":48,"column":12},"end":{"line":51,"column":14}},"21":{"start":{"line":52,"column":12},"end":{"line":55,"column":14}},"22":{"start":{"line":56,"column":12},"end":{"line":56,"column":26}},"23":{"start":{"line":96,"column":19},"end":{"line":99,"column":6}},"24":{"start":{"line":101,"column":33},"end":{"line":116,"column":10}},"25":{"start":{"line":102,"column":8},"end":{"line":114,"column":15}},"26":{"start":{"line":105,"column":32},"end":{"line":105,"column":91}},"27":{"start":{"line":106,"column":28},"end":{"line":106,"column":54}},"28":{"start":{"line":107,"column":16},"end":{"line":113,"column":58}},"29":{"start":{"line":115,"column":8},"end":{"line":115,"column":19}},"30":{"start":{"line":118,"column":4},"end":{"line":120,"column":17}}},"fnMap":{"0":{"name":"(anonymous_1)","decl":{"start":{"line":9,"column":15},"end":{"line":9,"column":16}},"loc":{"start":{"line":9,"column":35},"end":{"line":121,"column":1}}},"1":{"name":"(anonymous_2)","decl":{"start":{"line":14,"column":37},"end":{"line":14,"column":38}},"loc":{"start":{"line":14,"column":53},"end":{"line":17,"column":5}}},"2":{"name":"(anonymous_3)","decl":{"start":{"line":24,"column":45},"end":{"line":24,"column":46}},"loc":{"start":{"line":24,"column":65},"end":{"line":27,"column":5}}},"3":{"name":"(anonymous_4)","decl":{"start":{"line":31,"column":29},"end":{"line":31,"column":30}},"loc":{"start":{"line":31,"column":46},"end":{"line":57,"column":9}}},"4":{"name":"(anonymous_5)","decl":{"start":{"line":101,"column":67},"end":{"line":101,"column":68}},"loc":{"start":{"line":101,"column":86},"end":{"line":116,"column":5}}},"5":{"name":"(anonymous_6)","decl":{"start":{"line":104,"column":17},"end":{"line":104,"column":18}},"loc":{"start":{"line":104,"column":31},"end":{"line":114,"column":13}}}},"branchMap":{"0":{"loc":{"start":{"line":109,"column":4},"end":{"line":109,"column":74}},"type":"cond-expr","locations":[{"start":{"line":109,"column":4},"end":{"line":109,"column":74}},{"start":{"line":110,"column":4},"end":{"line":110,"column":153}}]},"1":{"loc":{"start":{"line":119,"column":10},"end":{"line":119,"column":54}},"type":"cond-expr","locations":[{"start":{"line":119,"column":10},"end":{"line":119,"column":54}},{"start":{"line":120,"column":10},"end":{"line":120,"column":16}}]}},"s":{"0":1,"1":1,"2":1,"3":1,"4":1,"5":1,"6":1,"7":1,"8":0,"9":0,"10":0,"11":0,"12":0,"13":0,"14":0,"15":0,"16":0,"17":0,"18":0,"19":0,"20":0,"21":0,"22":0,"23":0,"24":0,"25":0,"26":0,"27":0,"28":0,"29":0,"30":0},"f":{"0":0,"1":0,"2":0,"3":0,"4":0,"5":0},"b":{"0":[0,0],"1":[0,0]}}
,"/Users/antoinehurard/Desktop/emrs/emrs-safe-backend/src/utils/introspection/getTypeFromField.ts": {"path":"/Users/antoinehurard/Desktop/emrs/emrs-safe-backend/src/utils/introspection/getTypeFromField.ts","statementMap":{"0":{"start":{"line":1,"column":0},"end":{"line":1,"column":106}},"1":{"start":{"line":2,"column":0},"end":{"line":2,"column":null}},"2":{"start":{"line":5,"column":0},"end":{"line":5,"column":44}},"3":{"start":{"line":7,"column":0},"end":{"line":76,"column":null}},"4":{"start":{"line":8,"column":4},"end":{"line":10,"column":null}},"5":{"start":{"line":9,"column":8},"end":{"line":9,"column":25}},"6":{"start":{"line":11,"column":4},"end":{"line":75,"column":null}},"7":{"start":{"line":13,"column":12},"end":{"line":13,"column":29}},"8":{"start":{"line":16,"column":12},"end":{"line":16,"column":69}},"9":{"start":{"line":19,"column":12},"end":{"line":19,"column":33}},"10":{"start":{"line":22,"column":12},"end":{"line":22,"column":33}},"11":{"start":{"line":25,"column":12},"end":{"line":25,"column":33}},"12":{"start":{"line":28,"column":12},"end":{"line":28,"column":33}},"13":{"start":{"line":31,"column":12},"end":{"line":31,"column":34}},"14":{"start":{"line":34,"column":12},"end":{"line":34,"column":30}},"15":{"start":{"line":37,"column":12},"end":{"line":37,"column":32}},"16":{"start":{"line":40,"column":12},"end":{"line":40,"column":31}},"17":{"start":{"line":43,"column":12},"end":{"line":43,"column":35}},"18":{"start":{"line":46,"column":12},"end":{"line":46,"column":35}},"19":{"start":{"line":49,"column":12},"end":{"line":49,"column":31}},"20":{"start":{"line":52,"column":12},"end":{"line":52,"column":31}},"21":{"start":{"line":55,"column":12},"end":{"line":55,"column":31}},"22":{"start":{"line":58,"column":12},"end":{"line":58,"column":31}},"23":{"start":{"line":61,"column":12},"end":{"line":61,"column":31}},"24":{"start":{"line":64,"column":12},"end":{"line":64,"column":31}},"25":{"start":{"line":67,"column":12},"end":{"line":67,"column":31}},"26":{"start":{"line":70,"column":12},"end":{"line":70,"column":31}},"27":{"start":{"line":73,"column":12},"end":{"line":73,"column":33}}},"fnMap":{"0":{"name":"(anonymous_1)","decl":{"start":{"line":7,"column":15},"end":{"line":7,"column":16}},"loc":{"start":{"line":7,"column":76},"end":{"line":76,"column":1}}}},"branchMap":{"0":{"loc":{"start":{"line":7,"column":67},"end":{"line":7,"column":72}},"type":"default-arg","locations":[{"start":{"line":7,"column":67},"end":{"line":7,"column":72}}]},"1":{"loc":{"start":{"line":8,"column":4},"end":{"line":10,"column":null}},"type":"if","locations":[{"start":{"line":8,"column":4},"end":{"line":10,"column":null}},{"start":{"line":8,"column":4},"end":{"line":10,"column":null}}]},"2":{"loc":{"start":{"line":8,"column":8},"end":{"line":8,"column":22}},"type":"binary-expr","locations":[{"start":{"line":8,"column":8},"end":{"line":8,"column":22}},{"start":{"line":8,"column":26},"end":{"line":8,"column":47}}]},"3":{"loc":{"start":{"line":12,"column":8},"end":{"line":14,"column":null}},"type":"switch","locations":[{"start":{"line":12,"column":8},"end":{"line":14,"column":null}},{"start":{"line":15,"column":8},"end":{"line":17,"column":null}},{"start":{"line":18,"column":8},"end":{"line":20,"column":null}},{"start":{"line":21,"column":8},"end":{"line":23,"column":null}},{"start":{"line":24,"column":8},"end":{"line":26,"column":null}},{"start":{"line":27,"column":8},"end":{"line":29,"column":null}},{"start":{"line":30,"column":8},"end":{"line":32,"column":null}},{"start":{"line":33,"column":8},"end":{"line":35,"column":null}},{"start":{"line":36,"column":8},"end":{"line":38,"column":null}},{"start":{"line":39,"column":8},"end":{"line":41,"column":null}},{"start":{"line":42,"column":8},"end":{"line":44,"column":null}},{"start":{"line":45,"column":8},"end":{"line":47,"column":null}},{"start":{"line":48,"column":8},"end":{"line":50,"column":null}},{"start":{"line":51,"column":8},"end":{"line":53,"column":null}},{"start":{"line":54,"column":8},"end":{"line":56,"column":null}},{"start":{"line":57,"column":8},"end":{"line":59,"column":null}},{"start":{"line":60,"column":8},"end":{"line":62,"column":null}},{"start":{"line":63,"column":8},"end":{"line":65,"column":null}},{"start":{"line":66,"column":8},"end":{"line":68,"column":null}},{"start":{"line":69,"column":8},"end":{"line":71,"column":null}},{"start":{"line":72,"column":8},"end":{"line":74,"column":null}}]},"4":{"loc":{"start":{"line":16,"column":28},"end":{"line":16,"column":54}},"type":"cond-expr","locations":[{"start":{"line":16,"column":28},"end":{"line":16,"column":54}},{"start":{"line":16,"column":57},"end":{"line":16,"column":68}}]}},"s":{"0":1,"1":1,"2":1,"3":1,"4":0,"5":0,"6":0,"7":0,"8":0,"9":0,"10":0,"11":0,"12":0,"13":0,"14":0,"15":0,"16":0,"17":0,"18":0,"19":0,"20":0,"21":0,"22":0,"23":0,"24":0,"25":0,"26":0,"27":0},"f":{"0":0},"b":{"0":[0],"1":[0,0],"2":[0,0],"3":[0,0,0,0,0,0,0,0,0,0,0,0,0,0,0,0,0,0,0,0,0],"4":[0,0]}}
,"/Users/antoinehurard/Desktop/emrs/emrs-safe-backend/src/utils/introspection/getTypeFromKey.ts": {"path":"/Users/antoinehurard/Desktop/emrs/emrs-safe-backend/src/utils/introspection/getTypeFromKey.ts","statementMap":{"0":{"start":{"line":1,"column":0},"end":{"line":1,"column":62}},"1":{"start":{"line":4,"column":38},"end":{"line":4,"column":71}},"2":{"start":{"line":4,"column":47},"end":{"line":4,"column":71}},"3":{"start":{"line":4,"column":13},"end":{"line":4,"column":38}},"4":{"start":{"line":7,"column":30},"end":{"line":7,"column":94}},"5":{"start":{"line":7,"column":53},"end":{"line":7,"column":94}},"6":{"start":{"line":7,"column":13},"end":{"line":7,"column":30}},"7":{"start":{"line":9,"column":34},"end":{"line":9,"column":79}},"8":{"start":{"line":9,"column":43},"end":{"line":9,"column":79}},"9":{"start":{"line":9,"column":13},"end":{"line":9,"column":34}},"10":{"start":{"line":11,"column":29},"end":{"line":12,"column":100}},"11":{"start":{"line":12,"column":4},"end":{"line":12,"column":100}},"12":{"start":{"line":11,"column":13},"end":{"line":11,"column":29}},"13":{"start":{"line":15,"column":38},"end":{"line":15,"column":71}},"14":{"start":{"line":15,"column":47},"end":{"line":15,"column":71}},"15":{"start":{"line":15,"column":13},"end":{"line":15,"column":38}},"16":{"start":{"line":18,"column":30},"end":{"line":25,"column":1}},"17":{"start":{"line":19,"column":27},"end":{"line":20,"column":null}},"18":{"start":{"line":20,"column":22},"end":{"line":20,"column":42}},"19":{"start":{"line":22,"column":15},"end":{"line":22,"column":101}},"20":{"start":{"line":24,"column":4},"end":{"line":24,"column":25}},"21":{"start":{"line":18,"column":13},"end":{"line":18,"column":30}},"22":{"start":{"line":28,"column":34},"end":{"line":29,"column":123}},"23":{"start":{"line":29,"column":4},"end":{"line":29,"column":123}},"24":{"start":{"line":28,"column":13},"end":{"line":28,"column":34}}},"fnMap":{"0":{"name":"(anonymous_0)","decl":{"start":{"line":4,"column":38},"end":{"line":4,"column":39}},"loc":{"start":{"line":4,"column":47},"end":{"line":4,"column":71}}},"1":{"name":"(anonymous_1)","decl":{"start":{"line":7,"column":30},"end":{"line":7,"column":31}},"loc":{"start":{"line":7,"column":53},"end":{"line":7,"column":94}}},"2":{"name":"(anonymous_2)","decl":{"start":{"line":9,"column":34},"end":{"line":9,"column":35}},"loc":{"start":{"line":9,"column":43},"end":{"line":9,"column":79}}},"3":{"name":"(anonymous_3)","decl":{"start":{"line":11,"column":29},"end":{"line":11,"column":30}},"loc":{"start":{"line":12,"column":4},"end":{"line":12,"column":100}}},"4":{"name":"(anonymous_4)","decl":{"start":{"line":15,"column":38},"end":{"line":15,"column":39}},"loc":{"start":{"line":15,"column":47},"end":{"line":15,"column":71}}},"5":{"name":"(anonymous_5)","decl":{"start":{"line":18,"column":30},"end":{"line":18,"column":31}},"loc":{"start":{"line":18,"column":61},"end":{"line":25,"column":1}}},"6":{"name":"(anonymous_6)","decl":{"start":{"line":20,"column":17},"end":{"line":20,"column":18}},"loc":{"start":{"line":20,"column":22},"end":{"line":20,"column":42}}},"7":{"name":"(anonymous_7)","decl":{"start":{"line":28,"column":34},"end":{"line":28,"column":35}},"loc":{"start":{"line":29,"column":4},"end":{"line":29,"column":123}}}},"branchMap":{"0":{"loc":{"start":{"line":7,"column":43},"end":{"line":7,"column":48}},"type":"default-arg","locations":[{"start":{"line":7,"column":43},"end":{"line":7,"column":48}}]},"1":{"loc":{"start":{"line":7,"column":71},"end":{"line":7,"column":74}},"type":"cond-expr","locations":[{"start":{"line":7,"column":71},"end":{"line":7,"column":74}},{"start":{"line":7,"column":77},"end":{"line":7,"column":93}}]},"2":{"loc":{"start":{"line":12,"column":91},"end":{"line":12,"column":92}},"type":"cond-expr","locations":[{"start":{"line":12,"column":91},"end":{"line":12,"column":92}},{"start":{"line":12,"column":95},"end":{"line":12,"column":96}}]},"3":{"loc":{"start":{"line":22,"column":93},"end":{"line":22,"column":94}},"type":"cond-expr","locations":[{"start":{"line":22,"column":93},"end":{"line":22,"column":94}},{"start":{"line":22,"column":97},"end":{"line":22,"column":98}}]},"4":{"loc":{"start":{"line":29,"column":87},"end":{"line":29,"column":88}},"type":"cond-expr","locations":[{"start":{"line":29,"column":87},"end":{"line":29,"column":88}},{"start":{"line":29,"column":91},"end":{"line":29,"column":92}}]}},"s":{"0":1,"1":1,"2":0,"3":1,"4":1,"5":0,"6":1,"7":1,"8":0,"9":1,"10":1,"11":0,"12":1,"13":1,"14":0,"15":1,"16":1,"17":0,"18":0,"19":0,"20":0,"21":1,"22":1,"23":0,"24":1},"f":{"0":0,"1":0,"2":0,"3":0,"4":0,"5":0,"6":0,"7":0},"b":{"0":[0],"1":[0,0],"2":[0,0],"3":[0,0],"4":[0,0]}}
,"/Users/antoinehurard/Desktop/emrs/emrs-safe-backend/src/utils/introspection/getTypes.ts": {"path":"/Users/antoinehurard/Desktop/emrs/emrs-safe-backend/src/utils/introspection/getTypes.ts","statementMap":{"0":{"start":{"line":1,"column":0},"end":{"line":1,"column":44}},"1":{"start":{"line":2,"column":0},"end":{"line":2,"column":51}},"2":{"start":{"line":3,"column":0},"end":{"line":3,"column":36}},"3":{"start":{"line":5,"column":0},"end":{"line":13,"column":2}},"4":{"start":{"line":7,"column":4},"end":{"line":12,"column":65}},"5":{"start":{"line":8,"column":24},"end":{"line":11,"column":6}},"6":{"start":{"line":12,"column":30},"end":{"line":12,"column":63}}},"fnMap":{"0":{"name":"(anonymous_1)","decl":{"start":{"line":5,"column":15},"end":{"line":5,"column":16}},"loc":{"start":{"line":5,"column":24},"end":{"line":13,"column":1}}},"1":{"name":"(anonymous_2)","decl":{"start":{"line":8,"column":9},"end":{"line":8,"column":10}},"loc":{"start":{"line":8,"column":24},"end":{"line":11,"column":6}}},"2":{"name":"(anonymous_3)","decl":{"start":{"line":12,"column":9},"end":{"line":12,"column":10}},"loc":{"start":{"line":12,"column":30},"end":{"line":12,"column":63}}}},"branchMap":{},"s":{"0":1,"1":1,"2":1,"3":1,"4":0,"5":0,"6":0},"f":{"0":0,"1":0,"2":0},"b":{}}
,"/Users/antoinehurard/Desktop/emrs/emrs-safe-backend/src/utils/introspection/isRelationshipField.ts": {"path":"/Users/antoinehurard/Desktop/emrs/emrs-safe-backend/src/utils/introspection/isRelationshipField.ts","statementMap":{"0":{"start":{"line":1,"column":35},"end":{"line":1,"column":105}},"1":{"start":{"line":1,"column":50},"end":{"line":1,"column":105}},"2":{"start":{"line":1,"column":13},"end":{"line":1,"column":35}}},"fnMap":{"0":{"name":"(anonymous_0)","decl":{"start":{"line":1,"column":35},"end":{"line":1,"column":36}},"loc":{"start":{"line":1,"column":50},"end":{"line":1,"column":105}}}},"branchMap":{"0":{"loc":{"start":{"line":1,"column":50},"end":{"line":1,"column":75}},"type":"binary-expr","locations":[{"start":{"line":1,"column":50},"end":{"line":1,"column":75}},{"start":{"line":1,"column":79},"end":{"line":1,"column":105}}]}},"s":{"0":1,"1":0,"2":1},"f":{"0":0},"b":{"0":[0,0]}}
}
